This is pdfTeX, Version 3.1415926-1.40.10 (TeX Live 2009/Debian) (format=pdflatex 2010.9.20)  26 NOV 2010 12:49
entering extended mode
 restricted \write18 enabled.
 %&-line parsing enabled.
**tese_eduardo.tex
(./tese_eduardo.tex
LaTeX2e <2009/09/24>
Babel <v3.8l> and hyphenation patterns for english, usenglishmax, dumylang, noh
yphenation, portuguese, loaded.
(./coppe.cls
Document Class: coppe 2007/03/01\ v2.0\ COPPE Dissertations and Thesis
(/usr/share/texmf-texlive/tex/latex/base/book.cls
Document Class: book 2007/10/19 v1.4h Standard LaTeX document class
(/usr/share/texmf-texlive/tex/latex/base/bk12.clo
File: bk12.clo 2007/10/19 v1.4h Standard LaTeX file (size option)
)
\c@part=\count79
\c@chapter=\count80
\c@section=\count81
\c@subsection=\count82
\c@subsubsection=\count83
\c@paragraph=\count84
\c@subparagraph=\count85
\c@figure=\count86
\c@table=\count87
\abovecaptionskip=\skip41
\belowcaptionskip=\skip42
\bibindent=\dimen102
) (./lastpage.sty
Package: lastpage 1994/06/25 v0.1b LaTeX2e package for refs to last page number
 (JPG)
)
(/usr/share/texmf-texlive/tex/latex/hyperref/hyperref.sty
Package: hyperref 2009/10/09 v6.79a Hypertext links for LaTeX

(/usr/share/texmf-texlive/tex/latex/graphics/keyval.sty
Package: keyval 1999/03/16 v1.13 key=value parser (DPC)
\KV@toks@=\toks14
)
(/usr/share/texmf-texlive/tex/generic/oberdiek/ifpdf.sty
Package: ifpdf 2009/04/10 v2.0 Provides the ifpdf switch (HO)
Package ifpdf Info: pdfTeX in pdf mode detected.
)
(/usr/share/texmf-texlive/tex/generic/oberdiek/ifvtex.sty
Package: ifvtex 2008/11/04 v1.4 Switches for detecting VTeX and its modes (HO)
Package ifvtex Info: VTeX not detected.
)
(/usr/share/texmf-texlive/tex/generic/ifxetex/ifxetex.sty
Package: ifxetex 2009/01/23 v0.5 Provides ifxetex conditional
)
(/usr/share/texmf-texlive/tex/latex/oberdiek/hycolor.sty
Package: hycolor 2009/10/02 v1.5 Code for color options of hyperref/bookmark (H
O)

(/usr/share/texmf-texlive/tex/latex/oberdiek/xcolor-patch.sty
Package: xcolor-patch 2009/10/02 xcolor patch
))
\@linkdim=\dimen103
\Hy@linkcounter=\count88
\Hy@pagecounter=\count89

(/usr/share/texmf-texlive/tex/latex/hyperref/pd1enc.def
File: pd1enc.def 2009/10/09 v6.79a Hyperref: PDFDocEncoding definition (HO)
)
(/usr/share/texmf-texlive/tex/generic/oberdiek/etexcmds.sty
Package: etexcmds 2007/12/12 v1.2 Prefix for e-TeX command names (HO)

(/usr/share/texmf-texlive/tex/generic/oberdiek/infwarerr.sty
Package: infwarerr 2007/09/09 v1.2 Providing info/warning/message (HO)
)
Package etexcmds Info: Could not find \expanded.
(etexcmds)             That can mean that you are not using pdfTeX 1.50 or
(etexcmds)             that some package has redefined \expanded.
(etexcmds)             In the latter case, load this package earlier.
)
(/usr/share/texmf-texlive/tex/latex/latexconfig/hyperref.cfg
File: hyperref.cfg 2002/06/06 v1.2 hyperref configuration of TeXLive
)
(/usr/share/texmf-texlive/tex/latex/oberdiek/kvoptions.sty
Package: kvoptions 2009/08/13 v3.4 Keyval support for LaTeX options (HO)

(/usr/share/texmf-texlive/tex/generic/oberdiek/kvsetkeys.sty
Package: kvsetkeys 2009/07/30 v1.5 Key value parser with default handler suppor
t (HO)
))
Package hyperref Info: Hyper figures OFF on input line 2975.
Package hyperref Info: Link nesting OFF on input line 2980.
Package hyperref Info: Hyper index ON on input line 2983.
Package hyperref Info: Plain pages OFF on input line 2990.
Package hyperref Info: Backreferencing OFF on input line 2995.

Implicit mode ON; LaTeX internals redefined
Package hyperref Info: Bookmarks ON on input line 3191.
(/usr/share/texmf-texlive/tex/latex/ltxmisc/url.sty
\Urlmuskip=\muskip10
Package: url 2006/04/12  ver 3.3  Verb mode for urls, etc.
)
LaTeX Info: Redefining \url on input line 3428.

(/usr/share/texmf-texlive/tex/generic/oberdiek/bitset.sty
Package: bitset 2007/09/28 v1.0 Data type bit set (HO)

(/usr/share/texmf-texlive/tex/generic/oberdiek/intcalc.sty
Package: intcalc 2007/09/27 v1.1 Expandable integer calculations (HO)
)
(/usr/share/texmf-texlive/tex/generic/oberdiek/bigintcalc.sty
Package: bigintcalc 2007/11/11 v1.1 Expandable big integer calculations (HO)

(/usr/share/texmf-texlive/tex/generic/oberdiek/pdftexcmds.sty
Package: pdftexcmds 2009/09/23 v0.6 LuaTeX support for pdfTeX utility functions
 (HO)

(/usr/share/texmf-texlive/tex/generic/oberdiek/ifluatex.sty
Package: ifluatex 2009/04/17 v1.2 Provides the ifluatex switch (HO)
Package ifluatex Info: LuaTeX not detected.
)
(/usr/share/texmf-texlive/tex/generic/oberdiek/ltxcmds.sty
Package: ltxcmds 2009/08/05 v1.0 Some LaTeX kernel commands for general use (HO
)
)
Package pdftexcmds Info: LuaTeX not detected.
Package pdftexcmds Info: \pdf@primitive is available.
Package pdftexcmds Info: \pdf@ifprimitive is available.
)))
\Fld@menulength=\count90
\Field@Width=\dimen104
\Fld@charsize=\dimen105
\Field@toks=\toks15
Package hyperref Info: Hyper figures OFF on input line 4377.
Package hyperref Info: Link nesting OFF on input line 4382.
Package hyperref Info: Hyper index ON on input line 4385.
Package hyperref Info: backreferencing OFF on input line 4392.
Package hyperref Info: Link coloring OFF on input line 4397.
Package hyperref Info: Link coloring with OCG OFF on input line 4402.
Package hyperref Info: PDF/A mode OFF on input line 4407.

(/usr/share/texmf-texlive/tex/generic/oberdiek/atbegshi.sty
Package: atbegshi 2008/07/31 v1.9 At begin shipout hook (HO)
)
\Hy@abspage=\count91
\c@Item=\count92
\c@Hfootnote=\count93
)
*hyperref using driver hpdftex*
(/usr/share/texmf-texlive/tex/latex/hyperref/hpdftex.def
File: hpdftex.def 2009/10/09 v6.79a Hyperref driver for pdfTeX
\Fld@listcount=\count94
)
(/usr/share/texmf-texlive/tex/generic/babel/babel.sty
Package: babel 2008/07/06 v3.8l The Babel package

(/usr/share/texmf-texlive/tex/generic/babel/english.ldf
Language: english 2005/03/30 v3.3o English support from the babel system

(/usr/share/texmf-texlive/tex/generic/babel/babel.def
File: babel.def 2008/07/06 v3.8l Babel common definitions
\babel@savecnt=\count95
\U@D=\dimen106
)
\l@british = a dialect from \language\l@english 
\l@UKenglish = a dialect from \language\l@english 
\l@canadian = a dialect from \language\l@american 
\l@australian = a dialect from \language\l@british 
\l@newzealand = a dialect from \language\l@british 
)
(/usr/share/texmf-texlive/tex/generic/babel/portuges.ldf
Language: portuges 2008/03/18 v1.2q Portuguese support from the babel system
\l@brazil = a dialect from \language\l@portuges 
Package babel Info: Making " an active character on input line 145.
)) (./hyphenat.sty
Package: hyphenat 2001/01/02 v2.3a hyphenation utilities
\langwohyphens=\language5
LaTeX Info: Redefining \_ on input line 46.
)
(/usr/share/texmf-texlive/tex/latex/base/ifthen.sty
Package: ifthen 2001/05/26 v1.1c Standard LaTeX ifthen package (DPC)
)
(/usr/share/texmf-texlive/tex/latex/graphics/graphicx.sty
Package: graphicx 1999/02/16 v1.0f Enhanced LaTeX Graphics (DPC,SPQR)

(/usr/share/texmf-texlive/tex/latex/graphics/graphics.sty
Package: graphics 2009/02/05 v1.0o Standard LaTeX Graphics (DPC,SPQR)

(/usr/share/texmf-texlive/tex/latex/graphics/trig.sty
Package: trig 1999/03/16 v1.09 sin cos tan (DPC)
)
(/etc/texmf/tex/latex/config/graphics.cfg
File: graphics.cfg 2009/08/28 v1.8 graphics configuration of TeX Live
)
Package graphics Info: Driver file: pdftex.def on input line 91.

(/usr/share/texmf-texlive/tex/latex/pdftex-def/pdftex.def
File: pdftex.def 2009/08/25 v0.04m Graphics/color for pdfTeX
\Gread@gobject=\count96
))
\Gin@req@height=\dimen107
\Gin@req@width=\dimen108
)
(/usr/share/texmf-texlive/tex/latex/tools/tabularx.sty
Package: tabularx 1999/01/07 v2.07 `tabularx' package (DPC)

(/usr/share/texmf-texlive/tex/latex/tools/array.sty
Package: array 2008/09/09 v2.4c Tabular extension package (FMi)
\col@sep=\dimen109
\extrarowheight=\dimen110
\NC@list=\toks16
\extratabsurround=\skip43
\backup@length=\skip44
)
\TX@col@width=\dimen111
\TX@old@table=\dimen112
\TX@old@col=\dimen113
\TX@target=\dimen114
\TX@delta=\dimen115
\TX@cols=\count97
\TX@ftn=\toks17
) (./eqparbox.sty
Package: eqparbox 2004/08/02 v2.1 Create equal-widthed parboxes
\eqp@tempdima=\skip45
\eqp@tempdimb=\skip46
)
(/usr/share/texmf-texlive/tex/latex/geometry/geometry.sty
Package: geometry 2008/12/21 v4.2 Page Geometry
\Gm@cnth=\count98
\Gm@cntv=\count99
\c@Gm@tempcnt=\count100
\Gm@bindingoffset=\dimen116
\Gm@wd@mp=\dimen117
\Gm@odd@mp=\dimen118
\Gm@even@mp=\dimen119
\Gm@dimlist=\toks18

(/usr/share/texmf-texlive/tex/xelatex/xetexconfig/geometry.cfg))
\c@minexaminers=\count101
\@examiner=\count102
\c@keywords=\count103
\bibindent=\dimen120
)
(/usr/share/texmf-texlive/tex/latex/base/inputenc.sty
Package: inputenc 2008/03/30 v1.1d Input encoding file
\inpenc@prehook=\toks19
\inpenc@posthook=\toks20

(/usr/share/texmf-texlive/tex/latex/base/latin1.def
File: latin1.def 2008/03/30 v1.1d Input encoding file
))
(/usr/share/texmf-texlive/tex/latex/amsmath/amsmath.sty
Package: amsmath 2000/07/18 v2.13 AMS math features
\@mathmargin=\skip47

For additional information on amsmath, use the `?' option.
(/usr/share/texmf-texlive/tex/latex/amsmath/amstext.sty
Package: amstext 2000/06/29 v2.01

(/usr/share/texmf-texlive/tex/latex/amsmath/amsgen.sty
File: amsgen.sty 1999/11/30 v2.0
\@emptytoks=\toks21
\ex@=\dimen121
))
(/usr/share/texmf-texlive/tex/latex/amsmath/amsbsy.sty
Package: amsbsy 1999/11/29 v1.2d
\pmbraise@=\dimen122
)
(/usr/share/texmf-texlive/tex/latex/amsmath/amsopn.sty
Package: amsopn 1999/12/14 v2.01 operator names
)
\inf@bad=\count104
LaTeX Info: Redefining \frac on input line 211.
\uproot@=\count105
\leftroot@=\count106
LaTeX Info: Redefining \overline on input line 307.
\classnum@=\count107
\DOTSCASE@=\count108
LaTeX Info: Redefining \ldots on input line 379.
LaTeX Info: Redefining \dots on input line 382.
LaTeX Info: Redefining \cdots on input line 467.
\Mathstrutbox@=\box26
\strutbox@=\box27
\big@size=\dimen123
LaTeX Font Info:    Redeclaring font encoding OML on input line 567.
LaTeX Font Info:    Redeclaring font encoding OMS on input line 568.
\macc@depth=\count109
\c@MaxMatrixCols=\count110
\dotsspace@=\muskip11
\c@parentequation=\count111
\dspbrk@lvl=\count112
\tag@help=\toks22
\row@=\count113
\column@=\count114
\maxfields@=\count115
\andhelp@=\toks23
\eqnshift@=\dimen124
\alignsep@=\dimen125
\tagshift@=\dimen126
\tagwidth@=\dimen127
\totwidth@=\dimen128
\lineht@=\dimen129
\@envbody=\toks24
\multlinegap=\skip48
\multlinetaggap=\skip49
\mathdisplay@stack=\toks25
LaTeX Info: Redefining \[ on input line 2666.
LaTeX Info: Redefining \] on input line 2667.
)
(/usr/share/texmf-texlive/tex/latex/amsfonts/amssymb.sty
Package: amssymb 2009/06/22 v3.00

(/usr/share/texmf-texlive/tex/latex/amsfonts/amsfonts.sty
Package: amsfonts 2009/06/22 v3.00 Basic AMSFonts support
\symAMSa=\mathgroup4
\symAMSb=\mathgroup5
LaTeX Font Info:    Overwriting math alphabet `\mathfrak' in version `bold'
(Font)                  U/euf/m/n --> U/euf/b/n on input line 96.
))
(/usr/share/texmf-texlive/tex/latex/graphics/epsfig.sty
Package: epsfig 1999/02/16 v1.7a (e)psfig emulation (SPQR)
\epsfxsize=\dimen130
\epsfysize=\dimen131
)
(/usr/share/texmf-texlive/tex/latex/tools/enumerate.sty
Package: enumerate 1999/03/05 v3.00 enumerate extensions (DPC)
\@enLab=\toks26
) (./subfigure.sty
Package: subfigure 1995/03/06 v2.0 subfigure package

Package: subfigure 1995/03/06 v2.0
\c@subfigure=\count116
\c@lofdepth=\count117
\c@subtable=\count118
\c@lotdepth=\count119
) (/usr/share/texmf-texlive/tex/latex/multirow/multirow.sty
\bigstrutjot=\dimen132
)
\@losfile=\write3
\openout3 = `tese_eduardo.syx'.


Writing index of symbols file tese_eduardo.syx
\@labfile=\write4
\openout4 = `tese_eduardo.abx'.

Writing index of abbreviations file tese_eduardo.abx
(./tese_eduardo.aux

LaTeX Warning: Label `ica_eq' multiply defined.


LaTeX Warning: Label `eq_sp' multiply defined.


LaTeX Warning: Label `tab_cosmicRes' multiply defined.


LaTeX Warning: Label `mutinf' multiply defined.

)
\openout1 = `tese_eduardo.aux'.

LaTeX Font Info:    Checking defaults for OML/cmm/m/it on input line 54.
LaTeX Font Info:    ... okay on input line 54.
LaTeX Font Info:    Checking defaults for T1/cmr/m/n on input line 54.
LaTeX Font Info:    ... okay on input line 54.
LaTeX Font Info:    Checking defaults for OT1/cmr/m/n on input line 54.
LaTeX Font Info:    ... okay on input line 54.
LaTeX Font Info:    Checking defaults for OMS/cmsy/m/n on input line 54.
LaTeX Font Info:    ... okay on input line 54.
LaTeX Font Info:    Checking defaults for OMX/cmex/m/n on input line 54.
LaTeX Font Info:    ... okay on input line 54.
LaTeX Font Info:    Checking defaults for U/cmr/m/n on input line 54.
LaTeX Font Info:    ... okay on input line 54.
LaTeX Font Info:    Checking defaults for PD1/pdf/m/n on input line 54.
LaTeX Font Info:    ... okay on input line 54.
Package hyperref Info: Link coloring OFF on input line 54.
 (/usr/share/texmf-texlive/tex/latex/hyperref/nameref.sty
Package: nameref 2007/05/29 v2.31 Cross-referencing by name of section

(/usr/share/texmf-texlive/tex/latex/oberdiek/refcount.sty
Package: refcount 2008/08/11 v3.1 Data extraction from references (HO)
)
\c@section@level=\count120
)
LaTeX Info: Redefining \ref on input line 54.
LaTeX Info: Redefining \pageref on input line 54.
 (./tese_eduardo.out) (./tese_eduardo.out)
\@outlinefile=\write5
\openout5 = `tese_eduardo.out'.

\AtBeginShipoutBox=\box28
 (/usr/share/texmf/tex/context/base/supp-pdf.mkii
[Loading MPS to PDF converter (version 2006.09.02).]
\scratchcounter=\count121
\scratchdimen=\dimen133
\scratchbox=\box29
\nofMPsegments=\count122
\nofMParguments=\count123
\everyMPshowfont=\toks27
\MPscratchCnt=\count124
\MPscratchDim=\dimen134
\MPnumerator=\count125
\everyMPtoPDFconversion=\toks28
)
*geometry detected driver: pdftex*
-------------------- Geometry parameters
paper: a4paper
landscape: --
twocolumn: --
twoside: --
asymmetric: --
h-parts: 85.35826pt, 426.79135pt, 85.35826pt
v-parts: 71.13188pt, 702.78308pt, 71.13188pt
hmarginratio: --
vmarginratio: --
lines: --
heightrounded: --
bindingoffset: 0.0pt
truedimen: --
includehead: --
includefoot: --
includemp: --
driver: pdftex
-------------------- Page layout dimensions and switches
\paperwidth  597.50787pt
\paperheight 845.04684pt
\textwidth  426.79135pt
\textheight 702.78308pt
\oddsidemargin  13.08827pt
\evensidemargin 13.08827pt
\topmargin  -33.0119pt
\headheight 12.0pt
\headsep    19.8738pt
\footskip   30.0pt
\marginparwidth 38.0pt
\marginparsep   7.0pt
\columnsep  10.0pt
\skip\footins  10.8pt plus 4.0pt minus 2.0pt
\hoffset 0.0pt
\voffset 0.0pt
\mag 1000

(1in=72.27pt, 1cm=28.45pt)
-----------------------
Package hyperref Info: Option `breaklinks' set `true' on input line 72.
Package hyperref Info: Option `raiselinks' set `true' on input line 72.
Package hyperref Info: Option `pageanchor' set `true' on input line 72.
<minerva.pdf, id=483, 49.18375pt x 65.24374pt>
File: minerva.pdf Graphic file (type pdf)
 <use minerva.pdf>
LaTeX Font Info:    Try loading font information for OT1+phv on input line 72.

(/usr/share/texmf-texlive/tex/latex/psnfss/ot1phv.fd
File: ot1phv.fd 2001/06/04 scalable font definitions for OT1/phv.
)
LaTeX Font Info:    Font shape `OT1/phv/bx/n' in size <12> not available
(Font)              Font shape `OT1/phv/b/n' tried instead on input line 72.
LaTeX Font Info:    Font shape `OT1/phv/bx/n' in size <10.95> not available
(Font)              Font shape `OT1/phv/b/n' tried instead on input line 72.

Underfull \hbox (badness 4403) in paragraph at lines 72--72
\OT1/cmr/m/n/12 de Janeiro, como parte dos requisitos
 []

LaTeX Font Info:    Try loading font information for U+msa on input line 72.
(/usr/share/texmf-texlive/tex/latex/amsfonts/umsa.fd
File: umsa.fd 2009/06/22 v3.00 AMS symbols A
)
LaTeX Font Info:    Try loading font information for U+msb on input line 72.

(/usr/share/texmf-texlive/tex/latex/amsfonts/umsb.fd
File: umsb.fd 2009/06/22 v3.00 AMS symbols B
) [1


{/var/lib/texmf/fonts/map/pdftex/updmap/pdftex.map} <./minerva.pdf>] [2

]
Underfull \hbox (badness 1533) in paragraph at lines 74--74
[]\OT1/cmr/m/n/12 An^^Salise N~ao-Linear de Componentes Independentes
 []


Underfull \hbox (badness 7030) in paragraph at lines 74--74
[]\OT1/cmr/m/n/12 Tese (doutorado) -- UFRJ/COPPE/Programa de
 []

[3

] [4

]
Underfull \hbox (badness 1043) in paragraph at lines 93--97
[]\OT1/cmr/m/n/12 A toda a co-la-bora^^Xc~ao TDAq do ATLAS, em es-pe-cial a De-
nis Da-ma-zio
 []

[5

] [6

] [7

] (./tese_eduardo.toc [8

] [9] [10] [11])
\tf@toc=\write6
\openout6 = `tese_eduardo.toc'.

 [12] (./tese_eduardo.lof
[13

] [14] [15]
Underfull \hbox (badness 1127) in paragraph at lines 73--73
 [][] [][]\OT1/cmr/m/n/12 Compara^^Xc~ao (\OT1/cmr/m/it/12 Neu-ral Rin-ger$\OMS
/cmsy/m/n/12 ^^B$\OT1/cmr/m/n/12 T2Calo) dos even-tos m^^Sedios para 
 []

[16] [17] [18] [19] [20])
\tf@lof=\write7
\openout7 = `tese_eduardo.lof'.

 [21] (./tese_eduardo.lot [22

] [23] [24])
\tf@lot=\write8
\openout8 = `tese_eduardo.lot'.


(./listasimb.tex [25] [26

] [27] [28] [29] [30])
No file tese_eduardo.los.
No file tese_eduardo.lab.
[31] (./cap1.tex
Cap\'{\i }tulo 1.
[1


] [2] [3]
Underfull \hbox (badness 4217) in paragraph at lines 214--220
\OT1/cmr/m/n/12 Considerando os de-sa-fios exis-ten-tes no am-bi-ente de fil-tr
a-gem \OT1/cmr/m/it/12 on-line \OT1/cmr/m/n/12 do
 []

[4] [5] [6]) (./cap2.tex [7]
Cap\'{\i }tulo 2.
[8

] <./figuras/cap2_sm.pdf, id=1377, 275.0275pt x 311.1625pt>
File: ./figuras/cap2_sm.pdf Graphic file (type pdf)

<use ./figuras/cap2_sm.pdf>

LaTeX Warning: `!h' float specifier changed to `!ht'.

[9] [10 <./figuras/cap2_sm.pdf>] [11] [12]
<./figuras/cap2_lhc_map2.pdf, id=1442, 974.77774pt x 618.05305pt>
File: ./figuras/cap2_lhc_map2.pdf Graphic file (type pdf)

<use ./figuras/cap2_lhc_map2.pdf> [13] [14 <./figuras/cap2_lhc_map2.pdf>]
<./figuras/cap2_atlas_diag.pdf, id=1475, 872.25874pt x 736.7525pt>
File: ./figuras/cap2_atlas_diag.pdf Graphic file (type pdf)

<use ./figuras/cap2_atlas_diag.pdf>

LaTeX Warning: `!h' float specifier changed to `!ht'.

[15] <./figuras/cap2_coord.pdf, id=1490, 503.8825pt x 176.66pt>
File: ./figuras/cap2_coord.pdf Graphic file (type pdf)

<use ./figuras/cap2_coord.pdf> [16 <./figuras/cap2_atlas_diag.pdf> <./figuras/c
ap2_coord.pdf>]
<./figuras/cap2_atlas_corte1.pdf, id=1534, 588.97212pt x 678.59822pt>
File: ./figuras/cap2_atlas_corte1.pdf Graphic file (type pdf)

<use ./figuras/cap2_atlas_corte1.pdf>
<./figuras/cap2_atlas_corte2.pdf, id=1536, 391.2254pt x 266.0333pt>
File: ./figuras/cap2_atlas_corte2.pdf Graphic file (type pdf)

<use ./figuras/cap2_atlas_corte2.pdf>
Package hyperref Info: bookmark level for unknown subfigure defaults to 0 on in
put line 383.
LaTeX Font Info:    Try loading font information for OMS+cmr on input line 413.


(/usr/share/texmf-texlive/tex/latex/base/omscmr.fd
File: omscmr.fd 1999/05/25 v2.5h Standard LaTeX font definitions
)
LaTeX Font Info:    Font shape `OMS/cmr/m/n' in size <12> not available
(Font)              Font shape `OMS/cmsy/m/n' tried instead on input line 413.
 [17] [18 <./figuras/cap2_atlas_corte1.pdf> <./figuras/cap2_atlas_corte2.pdf>] 
[19] [20] [21] [22] [23]
<./figuras/cap2_calo1.pdf, id=1625, 682.86618pt x 513.5722pt>
File: ./figuras/cap2_calo1.pdf Graphic file (type pdf)

<use ./figuras/cap2_calo1.pdf> [24 <./figuras/cap2_calo1.pdf>]
<./figuras/cap2_caloem.pdf, id=1643, 657.07886pt x 606.63435pt>
File: ./figuras/cap2_caloem.pdf Graphic file (type pdf)

<use ./figuras/cap2_caloem.pdf> [25 <./figuras/cap2_caloem.pdf>] [26]
<./figuras/cap3_enperdida.pdf, id=1660, 683.52968pt x 454.57831pt>
File: ./figuras/cap3_enperdida.pdf Graphic file (type pdf)

<use ./figuras/cap3_enperdida.pdf>

LaTeX Warning: `!h' float specifier changed to `!ht'.

<./figuras/capt_ensec.pdf, id=1663, 427.5975pt x 313.17pt>
File: ./figuras/capt_ensec.pdf Graphic file (type pdf)

<use ./figuras/capt_ensec.pdf> [27] [28 <./figuras/cap3_enperdida.pdf> <./figur
as/capt_ensec.pdf>]
<./figuras/cap3_enres.pdf, id=1684, 704.6325pt x 458.33633pt>
File: ./figuras/cap3_enres.pdf Graphic file (type pdf)

<use ./figuras/cap3_enres.pdf>
<./figuras/cap3_etares.pdf, id=1685, 691.04573pt x 459.92628pt>
File: ./figuras/cap3_etares.pdf Graphic file (type pdf)

<use ./figuras/cap3_etares.pdf>) (./cap_trigger.tex [29 <./figuras/cap3_enres.p
df> <./figuras/cap3_etares.pdf>]
Cap\'{\i }tulo 3.
[30

] <./figuras/capt_trigdiag.pdf, id=1706, 412.54124pt x 479.7925pt>
File: ./figuras/capt_trigdiag.pdf Graphic file (type pdf)

<use ./figuras/capt_trigdiag.pdf> [31 <./figuras/capt_trigdiag.pdf>] [32]
[33] [34] [35] [36]
<./figuras/cap2_trigger.pdf, id=1811, 420.57124pt x 441.65pt>
File: ./figuras/cap2_trigger.pdf Graphic file (type pdf)

<use ./figuras/cap2_trigger.pdf> [37 <./figuras/cap2_trigger.pdf>]
Overfull \hbox (23.40712pt too wide) in paragraph at lines 384--394
 [][] 
 []


LaTeX Warning: `!h' float specifier changed to `!ht'.

[38] [39] <./figuras/cap2_nivel1.pdf, id=1848, 556.0775pt x 430.60875pt>
File: ./figuras/cap2_nivel1.pdf Graphic file (type pdf)

<use ./figuras/cap2_nivel1.pdf> [40 <./figuras/cap2_nivel1.pdf>] [41] [42]
<./figuras/cap2_nivel2.pdf, id=1882, 568.1225pt x 863.225pt>
File: ./figuras/cap2_nivel2.pdf Graphic file (type pdf)

<use ./figuras/cap2_nivel2.pdf> [43 <./figuras/cap2_nivel2.pdf>] [44] [45])
(./cap3.tex [46]
Cap\'{\i }tulo 4.
[47

] <./figuras/cap2_trigger_tower.pdf, id=1956, 455.2441pt x 284.52759pt>
File: ./figuras/cap2_trigger_tower.pdf Graphic file (type pdf)

<use ./figuras/cap2_trigger_tower.pdf> [48 <./figuras/cap2_trigger_tower.pdf>]
[49] <./figuras/cap1_esquema.pdf, id=1978, 569.05505pt x 227.62209pt>
File: ./figuras/cap1_esquema.pdf Graphic file (type pdf)

<use ./figuras/cap1_esquema.pdf> [50 <./figuras/cap1_esquema.pdf>] [51]
<./figuras/cap3_Ehad_em20.pdf, id=2015, 501.875pt x 342.27875pt>
File: ./figuras/cap3_Ehad_em20.pdf Graphic file (type pdf)

<use ./figuras/cap3_Ehad_em20.pdf>
<./figuras/cap3_Ehad_em60.pdf, id=2016, 523.9575pt x 342.27875pt>
File: ./figuras/cap3_Ehad_em60.pdf Graphic file (type pdf)

<use ./figuras/cap3_Ehad_em60.pdf>
<./figuras/cap3_E3E720.pdf, id=2017, 420.57124pt x 316.18124pt>
File: ./figuras/cap3_E3E720.pdf Graphic file (type pdf)

<use ./figuras/cap3_E3E720.pdf>
<./figuras/cap3_E3E760.pdf, id=2018, 420.57124pt x 316.18124pt>
File: ./figuras/cap3_E3E760.pdf Graphic file (type pdf)

<use ./figuras/cap3_E3E760.pdf> [52 <./figuras/cap3_Ehad_em20.pdf> <./figuras/c
ap3_Ehad_em60.pdf> <./figuras/cap3_E3E720.pdf> <./figuras/cap3_E3E760.pdf>]
<./figuras/cap3_ringerdiag.pdf, id=2042, 491.8375pt x 54.2025pt>
File: ./figuras/cap3_ringerdiag.pdf Graphic file (type pdf)

<use ./figuras/cap3_ringerdiag.pdf> [53 <./figuras/cap3_ringerdiag.pdf>]
<./figuras/cons_aneis.pdf, id=2055, 455.2441pt x 825.12985pt>
File: ./figuras/cons_aneis.pdf Graphic file (type pdf)

<use ./figuras/cons_aneis.pdf>

LaTeX Warning: Float too large for page by 1.74178pt on input line 295.

[54] [55 <./figuras/cons_aneis.pdf>]
<./figuras/cap3_ele_e2_3d.pdf, id=2096, 400.49625pt x 301.125pt>
File: ./figuras/cap3_ele_e2_3d.pdf Graphic file (type pdf)

<use ./figuras/cap3_ele_e2_3d.pdf>
<./figuras/cap3_jet_e2_3d.pdf, id=2097, 465.74pt x 373.395pt>
File: ./figuras/cap3_jet_e2_3d.pdf Graphic file (type pdf)

<use ./figuras/cap3_jet_e2_3d.pdf>
<./figuras/cap3_eaneis_e2.pdf, id=2098, 420.57124pt x 316.18124pt>
File: ./figuras/cap3_eaneis_e2.pdf Graphic file (type pdf)

<use ./figuras/cap3_eaneis_e2.pdf>
<./figuras/cap3_janeis_e2.pdf, id=2099, 420.57124pt x 316.18124pt>
File: ./figuras/cap3_janeis_e2.pdf Graphic file (type pdf)

<use ./figuras/cap3_janeis_e2.pdf>
Underfull \hbox (badness 10000) in paragraph at lines 356--376

 []

<./figuras/cap3_ele_tip.pdf, id=2103, 420.57124pt x 316.18124pt>
File: ./figuras/cap3_ele_tip.pdf Graphic file (type pdf)

<use ./figuras/cap3_ele_tip.pdf>
<./figuras/cap3_jet_tip.pdf, id=2104, 420.57124pt x 316.18124pt>
File: ./figuras/cap3_jet_tip.pdf Graphic file (type pdf)

<use ./figuras/cap3_jet_tip.pdf>
<./figuras/cap3_jet_ele.pdf, id=2105, 420.57124pt x 325.215pt>
File: ./figuras/cap3_jet_ele.pdf Graphic file (type pdf)

<use ./figuras/cap3_jet_ele.pdf> [56 <./figuras/cap3_ele_e2_3d.pdf> <./figuras/
cap3_jet_e2_3d.pdf> <./figuras/cap3_eaneis_e2.pdf> <./figuras/cap3_janeis_e2.pd
f>] [57 <./figuras/cap3_ele_tip.pdf> <./figuras/cap3_jet_tip.pdf> <./figuras/ca
p3_jet_ele.pdf>] [58] [59]
<./figuras/tempos1_pie.pdf, id=2168, 367.3725pt x 264.99pt>
File: ./figuras/tempos1_pie.pdf Graphic file (type pdf)

<use ./figuras/tempos1_pie.pdf>
<./figuras/tempos2_pie.pdf, id=2169, 367.3725pt x 264.99pt>
File: ./figuras/tempos2_pie.pdf Graphic file (type pdf)

<use ./figuras/tempos2_pie.pdf>
Underfull \hbox (badness 10000) in paragraph at lines 580--591

 []


LaTeX Warning: `!h' float specifier changed to `!ht'.

[60] [61 <./figuras/tempos1_pie.pdf> <./figuras/tempos2_pie.pdf>]
<./figuras/cap3_ringerext.pdf, id=2198, 686.565pt x 54.2025pt>
File: ./figuras/cap3_ringerext.pdf Graphic file (type pdf)

<use ./figuras/cap3_ringerext.pdf> [62 <./figuras/cap3_ringerext.pdf>] [63])
(./cap4.tex [64]
Cap\'{\i }tulo 5.
[65

] [66] <./figuras/cap3_cocktail.pdf, id=2274, 498.86375pt x 287.0725pt>
File: ./figuras/cap3_cocktail.pdf Graphic file (type pdf)

<use ./figuras/cap3_cocktail.pdf> [67]
<./figuras/cap3_fontes.pdf, id=2290, 518.93875pt x 414.54875pt>
File: ./figuras/cap3_fontes.pdf Graphic file (type pdf)

<use ./figuras/cap3_fontes.pdf>
<./figuras/cap3_mix.pdf, id=2291, 518.93875pt x 404.51125pt>
File: ./figuras/cap3_mix.pdf Graphic file (type pdf)

<use ./figuras/cap3_mix.pdf>
<./figuras/cap3_rec.pdf, id=2292, 518.93875pt x 414.54875pt>
File: ./figuras/cap3_rec.pdf Graphic file (type pdf)

<use ./figuras/cap3_rec.pdf>

LaTeX Warning: `!h' float specifier changed to `!ht'.

[68 <./figuras/cap3_cocktail.pdf>] [69 <./figuras/cap3_fontes.pdf> <./figuras/c
ap3_mix.pdf> <./figuras/cap3_rec.pdf>] [70] [71]
<./figuras/cap3_pnl.pdf, id=2363, 355.65942pt x 113.811pt>
File: ./figuras/cap3_pnl.pdf Graphic file (type pdf)

<use ./figuras/cap3_pnl.pdf> [72 <./figuras/cap3_pnl.pdf>]
<./figuras/cap3_som_nlica.pdf, id=2408, 256.0748pt x 170.7165pt>
File: ./figuras/cap3_som_nlica.pdf Graphic file (type pdf)

<use ./figuras/cap3_som_nlica.pdf> [73 <./figuras/cap3_som_nlica.pdf>] [74]
<./figuras/cap3_local.pdf, id=2452, 284.52759pt x 142.2638pt>
File: ./figuras/cap3_local.pdf Graphic file (type pdf)

<use ./figuras/cap3_local.pdf> [75 <./figuras/cap3_local.pdf>] [76] [77]
[78] [79] [80] [81] [82] [83]
<./figuras/cap4_pcd.pdf, id=2607, 435.6275pt x 214.8025pt>
File: ./figuras/cap4_pcd.pdf Graphic file (type pdf)

<use ./figuras/cap4_pcd.pdf> [84 <./figuras/cap4_pcd.pdf>]
<./figuras/ICA_Fex.pdf, id=2630, 597.50786pt x 227.62209pt>
File: ./figuras/ICA_Fex.pdf Graphic file (type pdf)

<use ./figuras/ICA_Fex.pdf> [85 <./figuras/ICA_Fex.pdf>]
<./figuras/mod_pnl1.pdf, id=2645, 341.43309pt x 128.03745pt>
File: ./figuras/mod_pnl1.pdf Graphic file (type pdf)

<use ./figuras/mod_pnl1.pdf>
<./figuras/treina_mpnl1.pdf, id=2648, 341.43309pt x 128.03745pt>
File: ./figuras/treina_mpnl1.pdf Graphic file (type pdf)

<use ./figuras/treina_mpnl1.pdf> [86 <./figuras/mod_pnl1.pdf>] [87 <./figuras/t
reina_mpnl1.pdf>]) (./cap5.tex [88]
Cap\'{\i }tulo 6.
[89

] <./figuras/ex1_roc.pdf, id=2727, 478.78876pt x 277.035pt>
File: ./figuras/ex1_roc.pdf Graphic file (type pdf)

<use ./figuras/ex1_roc.pdf>
<./figuras/ex2_roc.pdf, id=2728, 478.78876pt x 277.035pt>
File: ./figuras/ex2_roc.pdf Graphic file (type pdf)

<use ./figuras/ex2_roc.pdf>

LaTeX Warning: `!h' float specifier changed to `!ht'.

<./figuras/roc_comp.pdf, id=2729, 489.83pt x 345.29pt>
File: ./figuras/roc_comp.pdf Graphic file (type pdf)

<use ./figuras/roc_comp.pdf>
<./figuras/sp_comp.pdf, id=2730, 486.81876pt x 362.35374pt>
File: ./figuras/sp_comp.pdf Graphic file (type pdf)

<use ./figuras/sp_comp.pdf>

LaTeX Warning: `!h' float specifier changed to `!ht'.

[90] [91 <./figuras/ex1_roc.pdf> <./figuras/ex2_roc.pdf> <./figuras/roc_comp.pd
f> <./figuras/sp_comp.pdf>] [92]
<./figuras/cap3_fex_glob.pdf, id=2780, 497.86pt x 255.95625pt>
File: ./figuras/cap3_fex_glob.pdf Graphic file (type pdf)

<use ./figuras/cap3_fex_glob.pdf>
<./figuras/cap3_fex_seg.pdf, id=2782, 497.86pt x 255.95625pt>
File: ./figuras/cap3_fex_seg.pdf Graphic file (type pdf)

<use ./figuras/cap3_fex_seg.pdf> [93 <./figuras/cap3_fex_glob.pdf>] [94 <./figu
ras/cap3_fex_seg.pdf>] [95]
<./figuras/localIcaDiag.pdf, id=2827, 541.02126pt x 184.69pt>
File: ./figuras/localIcaDiag.pdf Graphic file (type pdf)

<use ./figuras/localIcaDiag.pdf>

LaTeX Warning: `h' float specifier changed to `ht'.

[96]
Underfull \hbox (badness 6961) in paragraph at lines 358--371
[]\OT1/cmr/m/n/12 - em n~ao-
 []

[97 <./figuras/localIcaDiag.pdf>]
<./figuras/som_sup_lvq.pdf, id=2856, 175.65625pt x 49.18375pt>
File: ./figuras/som_sup_lvq.pdf Graphic file (type pdf)

<use ./figuras/som_sup_lvq.pdf>
<./figuras/som_sup_cIn.pdf, id=2857, 143.53625pt x 92.345pt>
File: ./figuras/som_sup_cIn.pdf Graphic file (type pdf)

<use ./figuras/som_sup_cIn.pdf> [98 <./figuras/som_sup_lvq.pdf> <./figuras/som_
sup_cIn.pdf>] [99]
Underfull \hbox (badness 3240) in paragraph at lines 499--509
[]\OT1/cmr/m/n/12 - foi in-
 []

<./figuras/Diagrama_pnl.pdf, id=2900, 640.3925pt x 142.5325pt>
File: ./figuras/Diagrama_pnl.pdf Graphic file (type pdf)

<use ./figuras/Diagrama_pnl.pdf> [100]
Underfull \hbox (badness 2809) in paragraph at lines 538--548
[]\OT1/cmr/m/n/12 Conforme men-ci-o-nado an-te-ri-or-mente (e des-crito com mai
s de-ta-lhes no
 []

[101 <./figuras/Diagrama_pnl.pdf>]
<./figuras/cap3_clas_glo.pdf, id=2926, 369.8858pt x 85.35829pt>
File: ./figuras/cap3_clas_glo.pdf Graphic file (type pdf)

<use ./figuras/cap3_clas_glo.pdf>
<./figuras/cap3_clas_seg.pdf, id=2928, 519.26277pt x 284.52759pt>
File: ./figuras/cap3_clas_seg.pdf Graphic file (type pdf)

<use ./figuras/cap3_clas_seg.pdf> [102 <./figuras/cap3_clas_glo.pdf>] [103 <./f
iguras/cap3_clas_seg.pdf>] [104]
<./figuras/rede3cam.pdf, id=2988, 455.2441pt x 398.3386pt>
File: ./figuras/rede3cam.pdf Graphic file (type pdf)

<use ./figuras/rede3cam.pdf> [105]

LaTeX Warning: `!h' float specifier changed to `!ht'.

[106 <./figuras/rede3cam.pdf>] [107] [108] [109]
<./figuras/compE_e10e15_et.pdf, id=3033, 420.57124pt x 316.18124pt>
File: ./figuras/compE_e10e15_et.pdf Graphic file (type pdf)

<use ./figuras/compE_e10e15_et.pdf>
<./figuras/compJ_e10e15_et.pdf, id=3034, 420.57124pt x 316.18124pt>
File: ./figuras/compJ_e10e15_et.pdf Graphic file (type pdf)

<use ./figuras/compJ_e10e15_et.pdf>
<./figuras/compE_e10e15_eta.pdf, id=3035, 420.57124pt x 316.18124pt>
File: ./figuras/compE_e10e15_eta.pdf Graphic file (type pdf)

<use ./figuras/compE_e10e15_eta.pdf>
<./figuras/compJ_e10e15_eta.pdf, id=3036, 420.57124pt x 316.18124pt>
File: ./figuras/compJ_e10e15_eta.pdf Graphic file (type pdf)

<use ./figuras/compJ_e10e15_eta.pdf>
<./figuras/compE_e10e15_phi.pdf, id=3037, 420.57124pt x 316.18124pt>
File: ./figuras/compE_e10e15_phi.pdf Graphic file (type pdf)

<use ./figuras/compE_e10e15_phi.pdf>
<./figuras/compJ_e10e15_phi.pdf, id=3038, 420.57124pt x 316.18124pt>
File: ./figuras/compJ_e10e15_phi.pdf Graphic file (type pdf)

<use ./figuras/compJ_e10e15_phi.pdf> [110 <./figuras/compE_e10e15_et.pdf> <./fi
guras/compJ_e10e15_et.pdf> <./figuras/compE_e10e15_eta.pdf> <./figuras/compJ_e1
0e15_eta.pdf> <./figuras/compE_e10e15_phi.pdf> <./figuras/compJ_e10e15_phi.pdf>
] <./figuras/evento_medioE10_ele.pdf, id=3095, 420.57124pt x 316.18124pt>
File: ./figuras/evento_medioE10_ele.pdf Graphic file (type pdf)

<use ./figuras/evento_medioE10_ele.pdf>
<./figuras/evento_medioE10_jat.pdf, id=3096, 420.57124pt x 316.18124pt>
File: ./figuras/evento_medioE10_jat.pdf Graphic file (type pdf)

<use ./figuras/evento_medioE10_jat.pdf>
<./figuras/evento_medioE15_ele.pdf, id=3097, 420.57124pt x 316.18124pt>
File: ./figuras/evento_medioE15_ele.pdf Graphic file (type pdf)

<use ./figuras/evento_medioE15_ele.pdf>
<./figuras/evento_medioE15_jat.pdf, id=3098, 420.57124pt x 316.18124pt>
File: ./figuras/evento_medioE15_jat.pdf Graphic file (type pdf)

<use ./figuras/evento_medioE15_jat.pdf>
<./figuras/corr.pdf, id=3100, 408.32549pt x 279.68492pt>
File: ./figuras/corr.pdf Graphic file (type pdf)

<use ./figuras/corr.pdf> <./figuras/IM.pdf, id=3101, 411.2163pt x 279.10674pt>
File: ./figuras/IM.pdf Graphic file (type pdf)

<use ./figuras/IM.pdf> [111 <./figuras/evento_medioE10_ele.pdf> <./figuras/even
to_medioE10_jat.pdf> <./figuras/evento_medioE15_ele.pdf> <./figuras/evento_medi
oE15_jat.pdf>] [112 <./figuras/corr.pdf> <./figuras/IM.pdf>] [113]
<./figuras/Exp_atlaseventZee.pdf, id=3143, 2408.90369pt x 1417.21474pt>
File: ./figuras/Exp_atlaseventZee.pdf Graphic file (type pdf)

<use ./figuras/Exp_atlaseventZee.pdf> [114 <./figuras/Exp_atlaseventZee.pdf>]
<./figuras/cosmics_et.pdf, id=3159, 420.57124pt x 316.18124pt>
File: ./figuras/cosmics_et.pdf Graphic file (type pdf)

<use ./figuras/cosmics_et.pdf>
<./figuras/cosmics_eta.pdf, id=3160, 420.57124pt x 316.18124pt>
File: ./figuras/cosmics_eta.pdf Graphic file (type pdf)

<use ./figuras/cosmics_eta.pdf>
<./figuras/cosmics_phi.pdf, id=3161, 420.57124pt x 316.18124pt>
File: ./figuras/cosmics_phi.pdf Graphic file (type pdf)

<use ./figuras/cosmics_phi.pdf>

LaTeX Warning: `!h' float specifier changed to `!ht'.

<./figuras/ev_cosmico_fant1.pdf, id=3163, 569.12625pt x 391.4625pt>
File: ./figuras/ev_cosmico_fant1.pdf Graphic file (type pdf)

<use ./figuras/ev_cosmico_fant1.pdf>

LaTeX Warning: `!h' float specifier changed to `!ht'.

[115] [116 <./figuras/cosmics_et.pdf> <./figuras/cosmics_eta.pdf> <./figuras/co
smics_phi.pdf>]
<./figuras/expectedL1RateEM.pdf, id=3200, 569.12625pt x 408.52625pt>
File: ./figuras/expectedL1RateEM.pdf Graphic file (type pdf)

<use ./figuras/expectedL1RateEM.pdf> [117 <./figuras/ev_cosmico_fant1.pdf> <./f
iguras/expectedL1RateEM.pdf, page is rotated 90 degrees>] [118]
<./figuras/atlasOffEtCuts.pdf, id=3270, 569.12625pt x 408.52625pt>
File: ./figuras/atlasOffEtCuts.pdf Graphic file (type pdf)

<use ./figuras/atlasOffEtCuts.pdf>
<./figuras/atlasOffEtaCuts.pdf, id=3271, 569.12625pt x 408.52625pt>
File: ./figuras/atlasOffEtaCuts.pdf Graphic file (type pdf)

<use ./figuras/atlasOffEtaCuts.pdf> [119] [120 <./figuras/atlasOffEtCuts.pdf> <
./figuras/atlasOffEtaCuts.pdf>]
<./figuras/exp1_et.pdf, id=3314, 454.69875pt x 355.3275pt>
File: ./figuras/exp1_et.pdf Graphic file (type pdf)

<use ./figuras/exp1_et.pdf>
<./figuras/exp1_eta.pdf, id=3315, 454.69875pt x 355.3275pt>
File: ./figuras/exp1_eta.pdf Graphic file (type pdf)

<use ./figuras/exp1_eta.pdf>
<./figuras/exp1_phi.pdf, id=3316, 454.69875pt x 355.3275pt>
File: ./figuras/exp1_phi.pdf Graphic file (type pdf)

<use ./figuras/exp1_phi.pdf> [121]
<./figuras/exp1_evE.pdf, id=3323, 378.41376pt x 229.85875pt>
File: ./figuras/exp1_evE.pdf Graphic file (type pdf)

<use ./figuras/exp1_evE.pdf>
<./figuras/exp1_evJ.pdf, id=3324, 378.41376pt x 229.85875pt>
File: ./figuras/exp1_evJ.pdf Graphic file (type pdf)

<use ./figuras/exp1_evJ.pdf> [122 <./figuras/exp1_et.pdf> <./figuras/exp1_eta.p
df> <./figuras/exp1_phi.pdf>]
<./figuras/exp2_etE.pdf, id=3358, 410.53375pt x 294.09875pt>
File: ./figuras/exp2_etE.pdf Graphic file (type pdf)

<use ./figuras/exp2_etE.pdf>
<./figuras/exp2_etaE.pdf, id=3359, 410.53375pt x 294.09875pt>
File: ./figuras/exp2_etaE.pdf Graphic file (type pdf)

<use ./figuras/exp2_etaE.pdf>
<./figuras/exp2_etJ.pdf, id=3360, 413.545pt x 296.10625pt>
File: ./figuras/exp2_etJ.pdf Graphic file (type pdf)

<use ./figuras/exp2_etJ.pdf>
<./figuras/exp2_etaJ.pdf, id=3361, 402.50375pt x 293.095pt>
File: ./figuras/exp2_etaJ.pdf Graphic file (type pdf)

<use ./figuras/exp2_etaJ.pdf>
Underfull \hbox (badness 10000) in paragraph at lines 1501--1521

 []


LaTeX Warning: `h' float specifier changed to `ht'.

<./figuras/exp2_evMedE.pdf, id=3363, 421.575pt x 246.9225pt>
File: ./figuras/exp2_evMedE.pdf Graphic file (type pdf)

<use ./figuras/exp2_evMedE.pdf>
<./figuras/exp2_evMedJ.pdf, id=3364, 421.575pt x 246.9225pt>
File: ./figuras/exp2_evMedJ.pdf Graphic file (type pdf)

<use ./figuras/exp2_evMedJ.pdf>) (./res_sim.tex [123 <./figuras/exp1_evE.pdf> <
./figuras/exp1_evJ.pdf>] [124 <./figuras/exp2_etE.pdf> <./figuras/exp2_etaE.pdf
> <./figuras/exp2_etJ.pdf> <./figuras/exp2_etaJ.pdf> <./figuras/exp2_evMedE.pdf
> <./figuras/exp2_evMedJ.pdf>]
Cap\'{\i }tulo 7.
[125

] [126]
<./figuras/ringer_t2c_EtEf.pdf, id=3446, 420.57124pt x 316.18124pt>
File: ./figuras/ringer_t2c_EtEf.pdf Graphic file (type pdf)

<use ./figuras/ringer_t2c_EtEf.pdf>
<./figuras/ringer_t2c_EtFa.pdf, id=3447, 420.57124pt x 316.18124pt>
File: ./figuras/ringer_t2c_EtFa.pdf Graphic file (type pdf)

<use ./figuras/ringer_t2c_EtFa.pdf>
<./figuras/ringer_t2c_etaEf.pdf, id=3448, 420.57124pt x 316.18124pt>
File: ./figuras/ringer_t2c_etaEf.pdf Graphic file (type pdf)

<use ./figuras/ringer_t2c_etaEf.pdf>
<./figuras/ringer_t2c_etaFa.pdf, id=3449, 420.57124pt x 316.18124pt>
File: ./figuras/ringer_t2c_etaFa.pdf Graphic file (type pdf)

<use ./figuras/ringer_t2c_etaFa.pdf>
<./figuras/ringer_t2c_phiEf.pdf, id=3450, 420.57124pt x 316.18124pt>
File: ./figuras/ringer_t2c_phiEf.pdf Graphic file (type pdf)

<use ./figuras/ringer_t2c_phiEf.pdf>
<./figuras/ringer_t2c_phiFa.pdf, id=3451, 420.57124pt x 316.18124pt>
File: ./figuras/ringer_t2c_phiFa.pdf Graphic file (type pdf)

<use ./figuras/ringer_t2c_phiFa.pdf>

LaTeX Warning: `!h' float specifier changed to `!ht'.

<./figuras/ele-acertoxerro.pdf, id=3453, 420.57124pt x 316.18124pt>
File: ./figuras/ele-acertoxerro.pdf Graphic file (type pdf)

<use ./figuras/ele-acertoxerro.pdf>
<./figuras/jet-acertoxerro.pdf, id=3454, 420.57124pt x 316.18124pt>
File: ./figuras/jet-acertoxerro.pdf Graphic file (type pdf)

<use ./figuras/jet-acertoxerro.pdf>

LaTeX Warning: `!h' float specifier changed to `!ht'.

[127] <./figuras/RokT2okEt.pdf, id=3462, 420.57124pt x 316.18124pt>
File: ./figuras/RokT2okEt.pdf Graphic file (type pdf)

<use ./figuras/RokT2okEt.pdf>
<./figuras/RokT2okEta.pdf, id=3463, 420.57124pt x 316.18124pt>
File: ./figuras/RokT2okEta.pdf Graphic file (type pdf)

<use ./figuras/RokT2okEta.pdf>
<./figuras/RokT2nokEt.pdf, id=3464, 420.57124pt x 316.18124pt>
File: ./figuras/RokT2nokEt.pdf Graphic file (type pdf)

<use ./figuras/RokT2nokEt.pdf>
<./figuras/RokT2nokEta.pdf, id=3465, 420.57124pt x 316.18124pt>
File: ./figuras/RokT2nokEta.pdf Graphic file (type pdf)

<use ./figuras/RokT2nokEta.pdf>
<./figuras/RnokT2okEt.pdf, id=3466, 420.57124pt x 316.18124pt>
File: ./figuras/RnokT2okEt.pdf Graphic file (type pdf)

<use ./figuras/RnokT2okEt.pdf>
<./figuras/RnokT2okEta.pdf, id=3467, 420.57124pt x 316.18124pt>
File: ./figuras/RnokT2okEta.pdf Graphic file (type pdf)

<use ./figuras/RnokT2okEta.pdf>
<./figuras/RnokT2nokEt.pdf, id=3468, 420.57124pt x 316.18124pt>
File: ./figuras/RnokT2nokEt.pdf Graphic file (type pdf)

<use ./figuras/RnokT2nokEt.pdf>
<./figuras/RnokT2nokEta.pdf, id=3469, 420.57124pt x 316.18124pt>
File: ./figuras/RnokT2nokEta.pdf Graphic file (type pdf)

<use ./figuras/RnokT2nokEta.pdf> [128 <./figuras/ringer_t2c_EtEf.pdf> <./figura
s/ringer_t2c_EtFa.pdf> <./figuras/ringer_t2c_etaEf.pdf> <./figuras/ringer_t2c_e
taFa.pdf> <./figuras/ringer_t2c_phiEf.pdf> <./figuras/ringer_t2c_phiFa.pdf>]
<./figuras/RT2evmedEcomp.pdf, id=3526, 704.6325pt x 484.81125pt>
File: ./figuras/RT2evmedEcomp.pdf Graphic file (type pdf)

<use ./figuras/RT2evmedEcomp.pdf>
<./figuras/RT2evmedJcomp.pdf, id=3527, 704.6325pt x 484.81125pt>
File: ./figuras/RT2evmedJcomp.pdf Graphic file (type pdf)

<use ./figuras/RT2evmedJcomp.pdf> [129 <./figuras/ele-acertoxerro.pdf> <./figur
as/jet-acertoxerro.pdf>] [130 <./figuras/RokT2okEt.pdf> <./figuras/RokT2okEta.p
df> <./figuras/RokT2nokEt.pdf> <./figuras/RokT2nokEta.pdf> <./figuras/RnokT2okE
t.pdf> <./figuras/RnokT2okEta.pdf> <./figuras/RnokT2nokEt.pdf> <./figuras/RnokT
2nokEta.pdf>] [131 <./figuras/RT2evmedEcomp.pdf> <./figuras/RT2evmedJcomp.pdf>]
<./figuras/E10_ringerxICA_roc.pdf, id=3621, 420.57124pt x 316.18124pt>
File: ./figuras/E10_ringerxICA_roc.pdf Graphic file (type pdf)

<use ./figuras/E10_ringerxICA_roc.pdf>
<./figuras/E10_icaRingerScatter.pdf, id=3623, 348.30125pt x 226.8475pt>
File: ./figuras/E10_icaRingerScatter.pdf Graphic file (type pdf)

<use ./figuras/E10_icaRingerScatter.pdf>
<./figuras/E10_icaRingerScatterJ.pdf, id=3624, 347.2975pt x 228.855pt>
File: ./figuras/E10_icaRingerScatterJ.pdf Graphic file (type pdf)

<use ./figuras/E10_icaRingerScatterJ.pdf>
<./figuras/ringer-sica-prob.pdf, id=3626, 420.57124pt x 316.18124pt>
File: ./figuras/ringer-sica-prob.pdf Graphic file (type pdf)

<use ./figuras/ringer-sica-prob.pdf>
<./figuras/ringer-sica-prob-jato.pdf, id=3627, 420.57124pt x 316.18124pt>
File: ./figuras/ringer-sica-prob-jato.pdf Graphic file (type pdf)

<use ./figuras/ringer-sica-prob-jato.pdf>

LaTeX Warning: `!h' float specifier changed to `!ht'.

<./figuras/Et_ringerXica.pdf, id=3629, 432.61626pt x 316.18124pt>
File: ./figuras/Et_ringerXica.pdf Graphic file (type pdf)

<use ./figuras/Et_ringerXica.pdf>
<./figuras/Et_ringerXicaFA.pdf, id=3630, 432.61626pt x 316.18124pt>
File: ./figuras/Et_ringerXicaFA.pdf Graphic file (type pdf)

<use ./figuras/Et_ringerXicaFA.pdf>
<./figuras/Eta_ringerXica.pdf, id=3631, 432.61626pt x 316.18124pt>
File: ./figuras/Eta_ringerXica.pdf Graphic file (type pdf)

<use ./figuras/Eta_ringerXica.pdf>
<./figuras/Eta_ringerXicaFA.pdf, id=3632, 432.61626pt x 316.18124pt>
File: ./figuras/Eta_ringerXicaFA.pdf Graphic file (type pdf)

<use ./figuras/Eta_ringerXicaFA.pdf> [132 <./figuras/E10_ringerxICA_roc.pdf>]
<./figuras/comp_acerEtEringerXica.pdf, id=3645, 420.57124pt x 317.185pt>
File: ./figuras/comp_acerEtEringerXica.pdf Graphic file (type pdf)

<use ./figuras/comp_acerEtEringerXica.pdf>
<./figuras/comp_acerEtJringerXica.pdf, id=3646, 420.57124pt x 316.18124pt>
File: ./figuras/comp_acerEtJringerXica.pdf Graphic file (type pdf)

<use ./figuras/comp_acerEtJringerXica.pdf>
<./figuras/comp_acerEtaEringerXica.pdf, id=3647, 420.57124pt x 316.18124pt>
File: ./figuras/comp_acerEtaEringerXica.pdf Graphic file (type pdf)

<use ./figuras/comp_acerEtaEringerXica.pdf>
<./figuras/comp_acerEtaJringerXica.pdf, id=3648, 420.57124pt x 316.18124pt>
File: ./figuras/comp_acerEtaJringerXica.pdf Graphic file (type pdf)

<use ./figuras/comp_acerEtaJringerXica.pdf> [133 <./figuras/E10_icaRingerScatte
r.pdf> <./figuras/E10_icaRingerScatterJ.pdf> <./figuras/ringer-sica-prob.pdf> <
./figuras/ringer-sica-prob-jato.pdf>]
<./figuras/E10local_clusterProbPie.pdf, id=3677, 521.95pt x 154.5775pt>
File: ./figuras/E10local_clusterProbPie.pdf Graphic file (type pdf)

<use ./figuras/E10local_clusterProbPie.pdf> [134 <./figuras/Et_ringerXica.pdf> 
<./figuras/Et_ringerXicaFA.pdf> <./figuras/Eta_ringerXica.pdf> <./figuras/Eta_r
ingerXicaFA.pdf>] [135 <./figuras/comp_acerEtEringerXica.pdf> <./figuras/comp_a
cerEtJringerXica.pdf> <./figuras/comp_acerEtaEringerXica.pdf> <./figuras/comp_a
cerEtaJringerXica.pdf> <./figuras/E10local_clusterProbPie.pdf>]
<./figuras/E10local_c1_par.pdf, id=3753, 644.4075pt x 430.60875pt>
File: ./figuras/E10local_c1_par.pdf Graphic file (type pdf)

<use ./figuras/E10local_c1_par.pdf>
<./figuras/E10local_c2_par.pdf, id=3754, 642.4pt x 430.60875pt>
File: ./figuras/E10local_c2_par.pdf Graphic file (type pdf)

<use ./figuras/E10local_c2_par.pdf>
Underfull \hbox (badness 10000) in paragraph at lines 456--467
[][]
 []

<./figuras/E10local_eletronC1.pdf, id=3756, 822.07124pt x 249.93375pt>
File: ./figuras/E10local_eletronC1.pdf Graphic file (type pdf)

<use ./figuras/E10local_eletronC1.pdf>
<./figuras/E10local_eletronC2.pdf, id=3757, 822.07124pt x 232.87pt>
File: ./figuras/E10local_eletronC2.pdf Graphic file (type pdf)

<use ./figuras/E10local_eletronC2.pdf>
<./figuras/E10local_jatoC1.pdf, id=3758, 822.07124pt x 231.86626pt>
File: ./figuras/E10local_jatoC1.pdf Graphic file (type pdf)

<use ./figuras/E10local_jatoC1.pdf>
<./figuras/E10local_jatoC2.pdf, id=3759, 822.07124pt x 232.87pt>
File: ./figuras/E10local_jatoC2.pdf Graphic file (type pdf)

<use ./figuras/E10local_jatoC2.pdf>
Underfull \hbox (badness 10000) in paragraph at lines 480--499
[][]
 []


Underfull \hbox (badness 10000) in paragraph at lines 480--499
[]
 []


Underfull \hbox (badness 10000) in paragraph at lines 480--499
[]
 []


LaTeX Warning: `!h' float specifier changed to `!ht'.

<./figuras/E10local_rocComp.pdf, id=3761, 420.57124pt x 316.18124pt>
File: ./figuras/E10local_rocComp.pdf Graphic file (type pdf)

<use ./figuras/E10local_rocComp.pdf>

LaTeX Warning: `h' float specifier changed to `ht'.

<./figuras/E10local_clasNHvar.pdf, id=3763, 504.88625pt x 272.01625pt>
File: ./figuras/E10local_clasNHvar.pdf Graphic file (type pdf)

<use ./figuras/E10local_clasNHvar.pdf> [136] [137 <./figuras/E10local_c1_par.pd
f> <./figuras/E10local_c2_par.pdf>] [138 <./figuras/E10local_eletronC1.pdf> <./
figuras/E10local_eletronC2.pdf> <./figuras/E10local_jatoC1.pdf> <./figuras/E10l
ocal_jatoC2.pdf>]
<./figuras/E10_ringerxICAxLocal_roc.pdf, id=3819, 417.56pt x 233.87375pt>
File: ./figuras/E10_ringerxICAxLocal_roc.pdf Graphic file (type pdf)

<use ./figuras/E10_ringerxICAxLocal_roc.pdf>
<./figuras/E10local_EffEt.pdf, id=3821, 420.57124pt x 316.18124pt>
File: ./figuras/E10local_EffEt.pdf Graphic file (type pdf)

<use ./figuras/E10local_EffEt.pdf>
<./figuras/E10local_FaEt.pdf, id=3822, 420.57124pt x 316.18124pt>
File: ./figuras/E10local_FaEt.pdf Graphic file (type pdf)

<use ./figuras/E10local_FaEt.pdf>
<./figuras/E10local_EffEta.pdf, id=3823, 420.57124pt x 316.18124pt>
File: ./figuras/E10local_EffEta.pdf Graphic file (type pdf)

<use ./figuras/E10local_EffEta.pdf>
<./figuras/E10local_FaEta.pdf, id=3824, 420.57124pt x 316.18124pt>
File: ./figuras/E10local_FaEta.pdf Graphic file (type pdf)

<use ./figuras/E10local_FaEta.pdf>
<./figuras/E10local_EffPhi.pdf, id=3825, 420.57124pt x 316.18124pt>
File: ./figuras/E10local_EffPhi.pdf Graphic file (type pdf)

<use ./figuras/E10local_EffPhi.pdf>
<./figuras/E10local_FaPhi.pdf, id=3826, 420.57124pt x 316.18124pt>
File: ./figuras/E10local_FaPhi.pdf Graphic file (type pdf)

<use ./figuras/E10local_FaPhi.pdf> [139 <./figuras/E10local_rocComp.pdf> <./fig
uras/E10local_clasNHvar.pdf>] [140 <./figuras/E10_ringerxICAxLocal_roc.pdf>]
[141 <./figuras/E10local_EffEt.pdf> <./figuras/E10local_FaEt.pdf> <./figuras/E1
0local_EffEta.pdf> <./figuras/E10local_FaEta.pdf> <./figuras/E10local_EffPhi.pd
f> <./figuras/E10local_FaPhi.pdf>]
<./figuras/E10local_ringerFailEt.pdf, id=3910, 248.93pt x 289.08pt>
File: ./figuras/E10local_ringerFailEt.pdf Graphic file (type pdf)

<use ./figuras/E10local_ringerFailEt.pdf>
<./figuras/E10local_ringeFailEtJato.pdf, id=3911, 231.86626pt x 270.00874pt>
File: ./figuras/E10local_ringeFailEtJato.pdf Graphic file (type pdf)

<use ./figuras/E10local_ringeFailEtJato.pdf>
<./figuras/E10local_ringerFailEta.pdf, id=3912, 232.87pt x 270.00874pt>
File: ./figuras/E10local_ringerFailEta.pdf Graphic file (type pdf)

<use ./figuras/E10local_ringerFailEta.pdf>
<./figuras/E10local_ringerFailEtaJato.pdf, id=3913, 232.87pt x 269.005pt>
File: ./figuras/E10local_ringerFailEtaJato.pdf Graphic file (type pdf)

<use ./figuras/E10local_ringerFailEtaJato.pdf>
<./figuras/E10local_failRingerOkEt.pdf, id=3914, 233.87375pt x 275.0275pt>
File: ./figuras/E10local_failRingerOkEt.pdf Graphic file (type pdf)

<use ./figuras/E10local_failRingerOkEt.pdf>
<./figuras/E10local_failRingerOkEtJato.pdf, id=3915, 232.87pt x 268.00125pt>
File: ./figuras/E10local_failRingerOkEtJato.pdf Graphic file (type pdf)

<use ./figuras/E10local_failRingerOkEtJato.pdf>
<./figuras/E10local_failRingerOkEta.pdf, id=3916, 232.87pt x 274.02374pt>
File: ./figuras/E10local_failRingerOkEta.pdf Graphic file (type pdf)

<use ./figuras/E10local_failRingerOkEta.pdf>
<./figuras/E10local_failRingerOkEtaJato.pdf, id=3917, 236.885pt x 273.02pt>
File: ./figuras/E10local_failRingerOkEtaJato.pdf Graphic file (type pdf)

<use ./figuras/E10local_failRingerOkEtaJato.pdf>
<./figuras/E10loca_icaFailEt.pdf, id=3918, 247.92625pt x 289.08pt>
File: ./figuras/E10loca_icaFailEt.pdf Graphic file (type pdf)

<use ./figuras/E10loca_icaFailEt.pdf>
<./figuras/E10local_icaFailEtJato.pdf, id=3919, 231.86626pt x 270.00874pt>
File: ./figuras/E10local_icaFailEtJato.pdf Graphic file (type pdf)

<use ./figuras/E10local_icaFailEtJato.pdf>
<./figuras/E10local_icaFailEta.pdf, id=3920, 232.87pt x 270.00874pt>
File: ./figuras/E10local_icaFailEta.pdf Graphic file (type pdf)

<use ./figuras/E10local_icaFailEta.pdf>
<./figuras/E10local_icaFailEtaJato.pdf, id=3921, 248.93pt x 286.06876pt>
File: ./figuras/E10local_icaFailEtaJato.pdf Graphic file (type pdf)

<use ./figuras/E10local_icaFailEtaJato.pdf>
<./figuras/E10local_failICaOkEt.pdf, id=3922, 234.8775pt x 273.02pt>
File: ./figuras/E10local_failICaOkEt.pdf Graphic file (type pdf)

<use ./figuras/E10local_failICaOkEt.pdf>
<./figuras/E10local_failICaOkEtJato.pdf, id=3923, 237.88875pt x 273.02pt>
File: ./figuras/E10local_failICaOkEtJato.pdf Graphic file (type pdf)

<use ./figuras/E10local_failICaOkEtJato.pdf>
<./figuras/E10local_failICaOkEta.pdf, id=3924, 233.87375pt x 274.02374pt>
File: ./figuras/E10local_failICaOkEta.pdf Graphic file (type pdf)

<use ./figuras/E10local_failICaOkEta.pdf>
<./figuras/E10local_failICaOkEtaJato.pdf, id=3925, 234.8775pt x 272.01625pt>
File: ./figuras/E10local_failICaOkEtaJato.pdf Graphic file (type pdf)

<use ./figuras/E10local_failICaOkEtaJato.pdf>
Underfull \hbox (badness 10000) in paragraph at lines 718--803
[][]
 []


Underfull \hbox (badness 10000) in paragraph at lines 718--803
[]
 []


Underfull \hbox (badness 10000) in paragraph at lines 718--803
[]
 []


Underfull \hbox (badness 10000) in paragraph at lines 718--803
[]
 []

[142] [143 <./figuras/E10local_ringerFailEt.pdf> <./figuras/E10local_ringeFailE
tJato.pdf> <./figuras/E10local_ringerFailEta.pdf> <./figuras/E10local_ringerFai
lEtaJato.pdf> <./figuras/E10local_failRingerOkEt.pdf> <./figuras/E10local_failR
ingerOkEtJato.pdf> <./figuras/E10local_failRingerOkEta.pdf> <./figuras/E10local
_failRingerOkEtaJato.pdf> <./figuras/E10loca_icaFailEt.pdf> <./figuras/E10local
_icaFailEtJato.pdf> <./figuras/E10local_icaFailEta.pdf> <./figuras/E10local_ica
FailEtaJato.pdf> <./figuras/E10local_failICaOkEt.pdf> <./figuras/E10local_failI
CaOkEtJato.pdf> <./figuras/E10local_failICaOkEta.pdf> <./figuras/E10local_failI
CaOkEtaJato.pdf>]
<./figuras/E10som_erroMapas.pdf, id=4059, 420.57124pt x 316.18124pt>
File: ./figuras/E10som_erroMapas.pdf Graphic file (type pdf)

<use ./figuras/E10som_erroMapas.pdf>
<./figuras/E10som_SPmapas.pdf, id=4060, 420.57124pt x 316.18124pt>
File: ./figuras/E10som_SPmapas.pdf Graphic file (type pdf)

<use ./figuras/E10som_SPmapas.pdf>
<./figuras/E10som_erroMapasSeg.pdf, id=4061, 420.57124pt x 316.18124pt>
File: ./figuras/E10som_erroMapasSeg.pdf Graphic file (type pdf)

<use ./figuras/E10som_erroMapasSeg.pdf>
<./figuras/E10som_SPmapasSeg.pdf, id=4062, 420.57124pt x 316.18124pt>
File: ./figuras/E10som_SPmapasSeg.pdf Graphic file (type pdf)

<use ./figuras/E10som_SPmapasSeg.pdf>

LaTeX Warning: `!h' float specifier changed to `!ht'.

[144 <./figuras/E10som_erroMapas.pdf> <./figuras/E10som_SPmapas.pdf>]
<./figuras/E15som_plotMapa.pdf, id=4081, 420.57124pt x 316.18124pt>
File: ./figuras/E15som_plotMapa.pdf Graphic file (type pdf)

<use ./figuras/E15som_plotMapa.pdf>
<./figuras/E15som_plotMapaLvq.pdf, id=4082, 420.57124pt x 316.18124pt>
File: ./figuras/E15som_plotMapaLvq.pdf Graphic file (type pdf)

<use ./figuras/E15som_plotMapaLvq.pdf>

LaTeX Warning: `!h' float specifier changed to `!ht'.

[145 <./figuras/E10som_erroMapasSeg.pdf> <./figuras/E10som_SPmapasSeg.pdf>]
<./figuras/E10som_compRocs.pdf, id=4099, 420.57124pt x 316.18124pt>
File: ./figuras/E10som_compRocs.pdf Graphic file (type pdf)

<use ./figuras/E10som_compRocs.pdf>

LaTeX Warning: `!h' float specifier changed to `!ht'.


LaTeX Warning: `h' float specifier changed to `ht'.

[146 <./figuras/E15som_plotMapa.pdf> <./figuras/E15som_plotMapaLvq.pdf>]
<./figuras/E10som_compEffEt.pdf, id=4115, 420.57124pt x 316.18124pt>
File: ./figuras/E10som_compEffEt.pdf Graphic file (type pdf)

<use ./figuras/E10som_compEffEt.pdf>
<./figuras/E10som_compFAEt.pdf, id=4116, 420.57124pt x 316.18124pt>
File: ./figuras/E10som_compFAEt.pdf Graphic file (type pdf)

<use ./figuras/E10som_compFAEt.pdf>
<./figuras/E10som_compEffEta.pdf, id=4117, 420.57124pt x 318.18875pt>
File: ./figuras/E10som_compEffEta.pdf Graphic file (type pdf)

<use ./figuras/E10som_compEffEta.pdf>
<./figuras/E10som_compFAEta.pdf, id=4118, 420.57124pt x 316.18124pt>
File: ./figuras/E10som_compFAEta.pdf Graphic file (type pdf)

<use ./figuras/E10som_compFAEta.pdf>
<./figuras/E10som_compEffPhi.pdf, id=4119, 420.57124pt x 316.18124pt>
File: ./figuras/E10som_compEffPhi.pdf Graphic file (type pdf)

<use ./figuras/E10som_compEffPhi.pdf>
<./figuras/E10som_compFAPhi.pdf, id=4120, 420.57124pt x 316.18124pt>
File: ./figuras/E10som_compFAPhi.pdf Graphic file (type pdf)

<use ./figuras/E10som_compFAPhi.pdf> [147 <./figuras/E10som_compRocs.pdf>]
[148 <./figuras/E10som_compEffEt.pdf> <./figuras/E10som_compFAEt.pdf> <./figura
s/E10som_compEffEta.pdf> <./figuras/E10som_compFAEta.pdf> <./figuras/E10som_com
pEffPhi.pdf> <./figuras/E10som_compFAPhi.pdf>]
<./figuras/E15som_plothex_4x2sup.pdf, id=4186, 369.38pt x 326.21875pt>
File: ./figuras/E15som_plothex_4x2sup.pdf Graphic file (type pdf)

<use ./figuras/E15som_plothex_4x2sup.pdf>
<./figuras/E15som_plothexJ_4x2sup.pdf, id=4187, 367.3725pt x 325.215pt>
File: ./figuras/E15som_plothexJ_4x2sup.pdf Graphic file (type pdf)

<use ./figuras/E15som_plothexJ_4x2sup.pdf>

LaTeX Warning: `!h' float specifier changed to `!ht'.

<./figuras/E15som_electronProj.pdf, id=4188, 420.57124pt x 316.18124pt>
File: ./figuras/E15som_electronProj.pdf Graphic file (type pdf)

<use ./figuras/E15som_electronProj.pdf>
<./figuras/E15som_jetProj.pdf, id=4189, 420.57124pt x 316.18124pt>
File: ./figuras/E15som_jetProj.pdf Graphic file (type pdf)

<use ./figuras/E15som_jetProj.pdf>

LaTeX Warning: `!h' float specifier changed to `!ht'.


LaTeX Warning: `!h' float specifier changed to `!ht'.

[149] [150 <./figuras/E15som_plothex_4x2sup.pdf> <./figuras/E15som_plothexJ_4x2
sup.pdf> <./figuras/E15som_electronProj.pdf> <./figuras/E15som_jetProj.pdf>]
[151] <./figuras/E10pnl_comp_rocs.pdf, id=4233, 420.57124pt x 325.215pt>
File: ./figuras/E10pnl_comp_rocs.pdf Graphic file (type pdf)

<use ./figuras/E10pnl_comp_rocs.pdf>

LaTeX Warning: `h' float specifier changed to `ht'.


LaTeX Warning: `h' float specifier changed to `ht'.

[152] [153 <./figuras/E10pnl_comp_rocs.pdf>]
<./figuras/E10segC_compSPbarQueda.pdf, id=4253, 417.56pt x 343.2825pt>
File: ./figuras/E10segC_compSPbarQueda.pdf Graphic file (type pdf)

<use ./figuras/E10segC_compSPbarQueda.pdf>
<./figuras/E10segC_compSpRetirando2.pdf, id=4254, 449.68pt x 339.2675pt>
File: ./figuras/E10segC_compSpRetirando2.pdf Graphic file (type pdf)

<use ./figuras/E10segC_compSpRetirando2.pdf>
<./figuras/E10segC_rocsComp.pdf, id=4255, 507.8975pt x 327.2225pt>
File: ./figuras/E10segC_rocsComp.pdf Graphic file (type pdf)

<use ./figuras/E10segC_rocsComp.pdf>
<./figuras/E10segC_compSPbar.pdf, id=4256, 340.27126pt x 316.18124pt>
File: ./figuras/E10segC_compSPbar.pdf Graphic file (type pdf)

<use ./figuras/E10segC_compSPbar.pdf>
<./figuras/E10segC_scatterE.pdf, id=4258, 715.67375pt x 391.4625pt>
File: ./figuras/E10segC_scatterE.pdf Graphic file (type pdf)

<use ./figuras/E10segC_scatterE.pdf>
<./figuras/E10segC_scatterJ.pdf, id=4259, 715.67375pt x 391.4625pt>
File: ./figuras/E10segC_scatterJ.pdf Graphic file (type pdf)

<use ./figuras/E10segC_scatterJ.pdf>
Underfull \hbox (badness 10000) in paragraph at lines 1290--1302
[][]
 []

[154] [155 <./figuras/E10segC_compSPbarQueda.pdf> <./figuras/E10segC_compSpReti
rando2.pdf>]
<./figuras/E10segCcomp_combtese.pdf, id=4281, 420.57124pt x 316.18124pt>
File: ./figuras/E10segCcomp_combtese.pdf Graphic file (type pdf)

<use ./figuras/E10segCcomp_combtese.pdf>
<./figuras/E10segC_spNhClasCC.pdf, id=4284, 420.57124pt x 316.18124pt>
File: ./figuras/E10segC_spNhClasCC.pdf Graphic file (type pdf)

<use ./figuras/E10segC_spNhClasCC.pdf>
<./figuras/E10segC_compSpCCbar.pdf, id=4285, 439.6425pt x 316.18124pt>
File: ./figuras/E10segC_compSpCCbar.pdf Graphic file (type pdf)

<use ./figuras/E10segC_compSpCCbar.pdf> [156 <./figuras/E10segC_rocsComp.pdf> <
./figuras/E10segC_compSPbar.pdf>] [157 <./figuras/E10segC_scatterE.pdf> <./figu
ras/E10segC_scatterJ.pdf>]
<./figuras/E10redeCC_compEffEt.pdf, id=4329, 357.335pt x 297.11pt>
File: ./figuras/E10redeCC_compEffEt.pdf Graphic file (type pdf)

<use ./figuras/E10redeCC_compEffEt.pdf>
<./figuras/E10redeCC_compEffEta.pdf, id=4330, 357.335pt x 297.11pt>
File: ./figuras/E10redeCC_compEffEta.pdf Graphic file (type pdf)

<use ./figuras/E10redeCC_compEffEta.pdf>
<./figuras/E10redeCC_compFaEt.pdf, id=4331, 357.335pt x 297.11pt>
File: ./figuras/E10redeCC_compFaEt.pdf Graphic file (type pdf)

<use ./figuras/E10redeCC_compFaEt.pdf>
<./figuras/E10redeCC_compFaEta.pdf, id=4332, 357.335pt x 297.11pt>
File: ./figuras/E10redeCC_compFaEta.pdf Graphic file (type pdf)

<use ./figuras/E10redeCC_compFaEta.pdf>

LaTeX Warning: `!h' float specifier changed to `!ht'.


Underfull \hbox (badness 2680) in paragraph at lines 1413--1419
\OT1/cmr/m/n/12 Conforme mos-trado nos re-sul-ta-dos ob-ti-dos at^^Se aqui, as 
t^^Secnicas de pr^^Se-
 []

[158 <./figuras/E10segCcomp_combtese.pdf> <./figuras/E10segC_spNhClasCC.pdf> <.
/figuras/E10segC_compSpCCbar.pdf>]
<./figuras/E10_roc_comp_fisherxnn.pdf, id=4354, 466.74374pt x 367.3725pt>
File: ./figuras/E10_roc_comp_fisherxnn.pdf Graphic file (type pdf)

<use ./figuras/E10_roc_comp_fisherxnn.pdf> [159 <./figuras/E10redeCC_compEffEt.
pdf> <./figuras/E10redeCC_compEffEta.pdf> <./figuras/E10redeCC_compFaEt.pdf> <.
/figuras/E10redeCC_compFaEta.pdf>]
<./figuras/E10hist_Anel1E2.pdf, id=4390, 391.4625pt x 265.99374pt>
File: ./figuras/E10hist_Anel1E2.pdf Graphic file (type pdf)

<use ./figuras/E10hist_Anel1E2.pdf>
<./figuras/E10histPcdE2.pdf, id=4391, 391.4625pt x 265.99374pt>
File: ./figuras/E10histPcdE2.pdf Graphic file (type pdf)

<use ./figuras/E10histPcdE2.pdf>
<./figuras/E10projICA2d.pdf, id=4393, 454.69875pt x 349.305pt>
File: ./figuras/E10projICA2d.pdf Graphic file (type pdf)

<use ./figuras/E10projICA2d.pdf>
<./figuras/E10projSOM2d2.pdf, id=4394, 454.69875pt x 349.305pt>
File: ./figuras/E10projSOM2d2.pdf Graphic file (type pdf)

<use ./figuras/E10projSOM2d2.pdf>

LaTeX Warning: `!h' float specifier changed to `!ht'.

[160 <./figuras/E10_roc_comp_fisherxnn.pdf>] [161 <./figuras/E10hist_Anel1E2.pd
f> <./figuras/E10histPcdE2.pdf> <./figuras/E10projICA2d.pdf> <./figuras/E10proj
SOM2d2.pdf>] [162]
<./figuras/Torres_et_eta_phi-pcd.pdf, id=4443, 569.12625pt x 385.44pt>
File: ./figuras/Torres_et_eta_phi-pcd.pdf Graphic file (type pdf)

<use ./figuras/Torres_et_eta_phi-pcd.pdf>

LaTeX Warning: `!h' float specifier changed to `!ht'.

[163] [164 <./figuras/Torres_et_eta_phi-pcd.pdf, page is rotated 90 degrees>]
<./figuras/E15local_clusterProbPie.pdf, id=4497, 520.94624pt x 180.675pt>
File: ./figuras/E15local_clusterProbPie.pdf Graphic file (type pdf)

<use ./figuras/E15local_clusterProbPie.pdf>
<./figuras/E15local_cluster1Car.pdf, id=4499, 657.45625pt x 481.8pt>
File: ./figuras/E15local_cluster1Car.pdf Graphic file (type pdf)

<use ./figuras/E15local_cluster1Car.pdf>
<./figuras/E15local_cluster2Car.pdf, id=4500, 657.45625pt x 481.8pt>
File: ./figuras/E15local_cluster2Car.pdf Graphic file (type pdf)

<use ./figuras/E15local_cluster2Car.pdf>
Underfull \hbox (badness 10000) in paragraph at lines 1653--1664
[][]
 []

<./figuras/E15local_eletronC1.pdf, id=4504, 417.56pt x 305.14pt>
File: ./figuras/E15local_eletronC1.pdf Graphic file (type pdf)

<use ./figuras/E15local_eletronC1.pdf>
<./figuras/E15local_eletronC2.pdf, id=4505, 417.56pt x 305.14pt>
File: ./figuras/E15local_eletronC2.pdf Graphic file (type pdf)

<use ./figuras/E15local_eletronC2.pdf>
<./figuras/E15local_jatoC1.pdf, id=4506, 417.56pt x 305.14pt>
File: ./figuras/E15local_jatoC1.pdf Graphic file (type pdf)

<use ./figuras/E15local_jatoC1.pdf>
<./figuras/E15local_jatoC2.pdf, id=4507, 417.56pt x 305.14pt>
File: ./figuras/E15local_jatoC2.pdf Graphic file (type pdf)

<use ./figuras/E15local_jatoC2.pdf> [165 <./figuras/E15local_clusterProbPie.pdf
>] [166 <./figuras/E15local_cluster1Car.pdf> <./figuras/E15local_cluster2Car.pd
f>] <./figuras/E15local_clasNHvar.pdf, id=4544, 536.0025pt x 289.08pt>
File: ./figuras/E15local_clasNHvar.pdf Graphic file (type pdf)

<use ./figuras/E15local_clasNHvar.pdf> [167 <./figuras/E15local_eletronC1.pdf> 
<./figuras/E15local_eletronC2.pdf> <./figuras/E15local_jatoC1.pdf> <./figuras/E
15local_jatoC2.pdf>]
<./figuras/E15local_RocCompRinger.pdf, id=4571, 420.57124pt x 316.18124pt>
File: ./figuras/E15local_RocCompRinger.pdf Graphic file (type pdf)

<use ./figuras/E15local_RocCompRinger.pdf> [168 <./figuras/E15local_clasNHvar.p
df> <./figuras/E15local_RocCompRinger.pdf>]
<./figuras/E15local_compEffEt.pdf, id=4588, 420.57124pt x 313.17pt>
File: ./figuras/E15local_compEffEt.pdf Graphic file (type pdf)

<use ./figuras/E15local_compEffEt.pdf>
<./figuras/E15local_compFaEt.pdf, id=4589, 420.57124pt x 316.18124pt>
File: ./figuras/E15local_compFaEt.pdf Graphic file (type pdf)

<use ./figuras/E15local_compFaEt.pdf>
<./figuras/E15local_compEffEta.pdf, id=4590, 420.57124pt x 316.18124pt>
File: ./figuras/E15local_compEffEta.pdf Graphic file (type pdf)

<use ./figuras/E15local_compEffEta.pdf>
<./figuras/E15local_compFaEta.pdf, id=4591, 420.57124pt x 316.18124pt>
File: ./figuras/E15local_compFaEta.pdf Graphic file (type pdf)

<use ./figuras/E15local_compFaEta.pdf>

LaTeX Warning: `!h' float specifier changed to `!ht'.


<./figuras/E15local_compE_localRinger.pdf, id=4593, 420.57124pt x 316.18124pt>
File: ./figuras/E15local_compE_localRinger.pdf Graphic file (type pdf)

<use ./figuras/E15local_compE_localRinger.pdf>
<./figuras/E15local_compE_localIca.pdf, id=4594, 420.57124pt x 316.18124pt>
File: ./figuras/E15local_compE_localIca.pdf Graphic file (type pdf)

<use ./figuras/E15local_compE_localIca.pdf> [169]
<./figuras/E15som_er_sp_nseg.pdf, id=4601, 420.57124pt x 316.18124pt>
File: ./figuras/E15som_er_sp_nseg.pdf Graphic file (type pdf)

<use ./figuras/E15som_er_sp_nseg.pdf>
<./figuras/E15som_er_rec_seg.pdf, id=4602, 420.57124pt x 337.26pt>
File: ./figuras/E15som_er_rec_seg.pdf Graphic file (type pdf)

<use ./figuras/E15som_er_rec_seg.pdf>
<./figuras/E15som_sp_seg.pdf, id=4603, 412.54124pt x 319.1925pt>
File: ./figuras/E15som_sp_seg.pdf Graphic file (type pdf)

<use ./figuras/E15som_sp_seg.pdf>
Underfull \hbox (badness 10000) in paragraph at lines 1843--1859
[][]
 []


LaTeX Warning: `!h' float specifier changed to `!ht'.

[170 <./figuras/E15local_compEffEt.pdf> <./figuras/E15local_compFaEt.pdf> <./fi
guras/E15local_compEffEta.pdf> <./figuras/E15local_compFaEta.pdf>]

LaTeX Warning: Text page 171 contains only floats.

[171 <./figuras/E15local_compE_localRinger.pdf> <./figuras/E15local_compE_local
Ica.pdf> <./figuras/E15som_er_sp_nseg.pdf> <./figuras/E15som_er_rec_seg.pdf> <.
/figuras/E15som_sp_seg.pdf>]
<./figuras/E15som_roc2.pdf, id=4682, 454.69875pt x 401.5pt>
File: ./figuras/E15som_roc2.pdf Graphic file (type pdf)

<use ./figuras/E15som_roc2.pdf>

LaTeX Warning: `h' float specifier changed to `ht'.

[172 <./figuras/E15som_roc2.pdf>]
<./figuras/E15som_compEffEt_t2.pdf, id=4693, 386.44376pt x 297.11pt>
File: ./figuras/E15som_compEffEt_t2.pdf Graphic file (type pdf)

<use ./figuras/E15som_compEffEt_t2.pdf>
<./figuras/E15som_compEffEta_t2.pdf, id=4694, 386.44376pt x 297.11pt>
File: ./figuras/E15som_compEffEta_t2.pdf Graphic file (type pdf)

<use ./figuras/E15som_compEffEta_t2.pdf>
<./figuras/E15som_compFaEta_t2.pdf, id=4695, 386.44376pt x 297.11pt>
File: ./figuras/E15som_compFaEta_t2.pdf Graphic file (type pdf)

<use ./figuras/E15som_compFaEta_t2.pdf>
File: ./figuras/E15som_compFaEta_t2.pdf Graphic file (type pdf)

<use ./figuras/E15som_compFaEta_t2.pdf>

LaTeX Warning: `!h' float specifier changed to `!ht'.


<./figuras/E15som_EleCar_somOKringerNok.pdf, id=4698, 420.57124pt x 316.18124pt
>
File: ./figuras/E15som_EleCar_somOKringerNok.pdf Graphic file (type pdf)
 <use ./figuras/E15som_EleCar_somOKringerNok.pdf>
<./figuras/E15som_Jetcar_somOKringerNok.pdf, id=4699, 420.57124pt x 316.18124pt
>
File: ./figuras/E15som_Jetcar_somOKringerNok.pdf Graphic file (type pdf)
 <use ./figuras/E15som_Jetcar_somOKringerNok.pdf>

LaTeX Warning: `!h' float specifier changed to `!ht'.


<./figuras/E15som_ele_mean_somOKringerNok.pdf, id=4700, 420.57124pt x 316.18124
pt>
File: ./figuras/E15som_ele_mean_somOKringerNok.pdf Graphic file (type pdf)
 <use ./figuras/E15som_ele_mean_somOKringerNok.pdf>
<./figuras/E15som_jet_mean_somOKringerNok.pdf, id=4701, 420.57124pt x 316.18124
pt>
File: ./figuras/E15som_jet_mean_somOKringerNok.pdf Graphic file (type pdf)
 <use ./figuras/E15som_jet_mean_somOKringerNok.pdf>

LaTeX Warning: `!h' float specifier changed to `!ht'.

[173]

LaTeX Warning: Text page 174 contains only floats.

[174 <./figuras/E15som_compEffEt_t2.pdf> <./figuras/E15som_compEffEta_t2.pdf> <
./figuras/E15som_compFaEta_t2.pdf> <./figuras/E15som_EleCar_somOKringerNok.pdf>
 <./figuras/E15som_Jetcar_somOKringerNok.pdf>] [175 <./figuras/E15som_ele_mean_
somOKringerNok.pdf> <./figuras/E15som_jet_mean_somOKringerNok.pdf>]
<./figuras/E15pnl_compRocs.pdf, id=4775, 440.64626pt x 333.245pt>
File: ./figuras/E15pnl_compRocs.pdf Graphic file (type pdf)

<use ./figuras/E15pnl_compRocs.pdf>
<./figuras/E15pnl_etEff.pdf, id=4777, 420.57124pt x 316.18124pt>
File: ./figuras/E15pnl_etEff.pdf Graphic file (type pdf)

<use ./figuras/E15pnl_etEff.pdf>
<./figuras/E15pnl_etaEff.pdf, id=4778, 420.57124pt x 316.18124pt>
File: ./figuras/E15pnl_etaEff.pdf Graphic file (type pdf)

<use ./figuras/E15pnl_etaEff.pdf>
<./figuras/E15pnl_etFa.pdf, id=4779, 420.57124pt x 316.18124pt>
File: ./figuras/E15pnl_etFa.pdf Graphic file (type pdf)

<use ./figuras/E15pnl_etFa.pdf>
<./figuras/E15pnl_etaFa.pdf, id=4780, 420.57124pt x 316.18124pt>
File: ./figuras/E15pnl_etaFa.pdf Graphic file (type pdf)

<use ./figuras/E15pnl_etaFa.pdf>

LaTeX Warning: `!h' float specifier changed to `!ht'.

[176 <./figuras/E15pnl_compRocs.pdf>] [177 <./figuras/E15pnl_etEff.pdf> <./figu
ras/E15pnl_etaEff.pdf> <./figuras/E15pnl_etFa.pdf> <./figuras/E15pnl_etaFa.pdf>
] <./figuras/E15relevseg_barSP.pdf, id=4825, 409.53pt x 366.36874pt>
File: ./figuras/E15relevseg_barSP.pdf Graphic file (type pdf)

<use ./figuras/E15relevseg_barSP.pdf>
<./figuras/E15combCC_nhvar.pdf, id=4827, 414.54875pt x 301.125pt>
File: ./figuras/E15combCC_nhvar.pdf Graphic file (type pdf)

<use ./figuras/E15combCC_nhvar.pdf> [178 <./figuras/E15relevseg_barSP.pdf>]
<./figuras/E15combCC_retirandoSPbar.pdf, id=4838, 388.45125pt x 325.215pt>
File: ./figuras/E15combCC_retirandoSPbar.pdf Graphic file (type pdf)

<use ./figuras/E15combCC_retirandoSPbar.pdf>
<./figuras/E15combCC_rocs.pdf, id=4839, 454.69875pt x 402.50375pt>
File: ./figuras/E15combCC_rocs.pdf Graphic file (type pdf)

<use ./figuras/E15combCC_rocs.pdf> [179 <./figuras/E15combCC_nhvar.pdf> <./figu
ras/E15combCC_retirandoSPbar.pdf> <./figuras/E15combCC_rocs.pdf>]

LaTeX Warning: `!h' float specifier changed to `!ht'.

[180]) (./res_exp.tex [181]
Cap\'{\i }tulo 8.
[182

]
Overfull \hbox (5.01244pt too wide) in paragraph at lines 44--52
 [][] 
 []

<./figuras/cosmics-net-out6.pdf, id=4877, 545.03625pt x 473.77pt>
File: ./figuras/cosmics-net-out6.pdf Graphic file (type pdf)

<use ./figuras/cosmics-net-out6.pdf>
<./figuras/cosmics_ICAxRingerBarComp.pdf, id=4878, 420.57124pt x 316.18124pt>
File: ./figuras/cosmics_ICAxRingerBarComp.pdf Graphic file (type pdf)

<use ./figuras/cosmics_ICAxRingerBarComp.pdf>
<./figuras/cosmics_PNLRingerBarComp.pdf, id=4879, 420.57124pt x 316.18124pt>
File: ./figuras/cosmics_PNLRingerBarComp.pdf Graphic file (type pdf)

<use ./figuras/cosmics_PNLRingerBarComp.pdf>
<./figuras/cosmics_SomRingerBarComp.pdf, id=4880, 420.57124pt x 316.18124pt>
File: ./figuras/cosmics_SomRingerBarComp.pdf Graphic file (type pdf)

<use ./figuras/cosmics_SomRingerBarComp.pdf>
<./figuras/cosmics_LocalRingerBarComp.pdf, id=4881, 420.57124pt x 316.18124pt>
File: ./figuras/cosmics_LocalRingerBarComp.pdf Graphic file (type pdf)

<use ./figuras/cosmics_LocalRingerBarComp.pdf>
Underfull \hbox (badness 10000) in paragraph at lines 71--95
[][]
 []


Underfull \hbox (badness 10000) in paragraph at lines 71--95
[] []
 []


Underfull \hbox (badness 10000) in paragraph at lines 71--95
[] []
 []


LaTeX Warning: Float too large for page by 10.82018pt on input line 96.

<./figuras/bar-cosmicos-aprov.pdf, id=4883, 427.5975pt x 262.9825pt>
File: ./figuras/bar-cosmicos-aprov.pdf Graphic file (type pdf)

<use ./figuras/bar-cosmicos-aprov.pdf> [183] [184 <./figuras/cosmics-net-out6.p
df> <./figuras/cosmics_ICAxRingerBarComp.pdf> <./figuras/cosmics_PNLRingerBarCo
mp.pdf> <./figuras/cosmics_SomRingerBarComp.pdf> <./figuras/cosmics_LocalRinger
BarComp.pdf>]
<./figuras/cosmics-comp-ef-etICA.pdf, id=4931, 427.5975pt x 321.2pt>
File: ./figuras/cosmics-comp-ef-etICA.pdf Graphic file (type pdf)

<use ./figuras/cosmics-comp-ef-etICA.pdf>
<./figuras/cosmics-comp-ef-etaICA.pdf, id=4932, 427.5975pt x 320.19624pt>
File: ./figuras/cosmics-comp-ef-etaICA.pdf Graphic file (type pdf)

<use ./figuras/cosmics-comp-ef-etaICA.pdf>
<./figuras/cosmics-comp-ef-etLocal.pdf, id=4933, 427.5975pt x 321.2pt>
File: ./figuras/cosmics-comp-ef-etLocal.pdf Graphic file (type pdf)

<use ./figuras/cosmics-comp-ef-etLocal.pdf>
<./figuras/cosmics-comp-ef-etaLocal.pdf, id=4934, 427.5975pt x 320.19624pt>
File: ./figuras/cosmics-comp-ef-etaLocal.pdf Graphic file (type pdf)

<use ./figuras/cosmics-comp-ef-etaLocal.pdf>
Underfull \hbox (badness 10000) in paragraph at lines 145--173
[][]
 []


Underfull \hbox (badness 10000) in paragraph at lines 145--173
[]
 []


LaTeX Warning: `!h' float specifier changed to `!ht'.

[185 <./figuras/bar-cosmicos-aprov.pdf>] [186 <./figuras/cosmics-comp-ef-etICA.
pdf> <./figuras/cosmics-comp-ef-etaICA.pdf> <./figuras/cosmics-comp-ef-etLocal.
pdf> <./figuras/cosmics-comp-ef-etaLocal.pdf>]
<./figuras/exp1_saidasRingerE10.pdf, id=4986, 454.69875pt x 237.88875pt>
File: ./figuras/exp1_saidasRingerE10.pdf Graphic file (type pdf)

<use ./figuras/exp1_saidasRingerE10.pdf>
Underfull \hbox (badness 1097) in paragraph at lines 243--250
[]\OT1/cmr/m/n/12 Neste con-texto, para me-lhor ava-liar o de-sem-pe-nho das t^
^Secnicas de pr^^Se-
 []

[187 <./figuras/exp1_saidasRingerE10.pdf>]
<./figuras/expR1ringer_nhvarSP.pdf, id=4999, 454.69875pt x 226.8475pt>
File: ./figuras/expR1ringer_nhvarSP.pdf Graphic file (type pdf)

<use ./figuras/expR1ringer_nhvarSP.pdf> [188]
<./figuras/exp1ringer_outs.pdf, id=5005, 333.245pt x 260.975pt>
File: ./figuras/exp1ringer_outs.pdf Graphic file (type pdf)

<use ./figuras/exp1ringer_outs.pdf>
<./figuras/exp1_fisherOuts.pdf, id=5006, 333.245pt x 260.975pt>
File: ./figuras/exp1_fisherOuts.pdf Graphic file (type pdf)

<use ./figuras/exp1_fisherOuts.pdf>
<./figuras/exp1_fisherROC.pdf, id=5007, 436.63126pt x 309.155pt>
File: ./figuras/exp1_fisherROC.pdf Graphic file (type pdf)

<use ./figuras/exp1_fisherROC.pdf> [189 <./figuras/expR1ringer_nhvarSP.pdf>]
<./figuras/expR1ringer_compSPpdpf.pdf, id=5019, 413.545pt x 349.305pt>
File: ./figuras/expR1ringer_compSPpdpf.pdf Graphic file (type pdf)

<use ./figuras/expR1ringer_compSPpdpf.pdf> [190 <./figuras/exp1ringer_outs.pdf>
 <./figuras/exp1_fisherOuts.pdf> <./figuras/exp1_fisherROC.pdf>]
<./figuras/exp1ringer_t2etCompLoose.pdf, id=5044, 397.485pt x 300.12125pt>
File: ./figuras/exp1ringer_t2etCompLoose.pdf Graphic file (type pdf)

<use ./figuras/exp1ringer_t2etCompLoose.pdf>
<./figuras/exp1ringer_t2etCompLooseFA.pdf, id=5045, 397.485pt x 300.12125pt>
File: ./figuras/exp1ringer_t2etCompLooseFA.pdf Graphic file (type pdf)

<use ./figuras/exp1ringer_t2etCompLooseFA.pdf>
<./figuras/exp1ringer_t2etaCompLoose.pdf, id=5046, 397.485pt x 300.12125pt>
File: ./figuras/exp1ringer_t2etaCompLoose.pdf Graphic file (type pdf)

<use ./figuras/exp1ringer_t2etaCompLoose.pdf>
<./figuras/exp1ringer_t2etaCompLooseFA.pdf, id=5047, 397.485pt x 300.12125pt>
File: ./figuras/exp1ringer_t2etaCompLooseFA.pdf Graphic file (type pdf)

<use ./figuras/exp1ringer_t2etaCompLooseFA.pdf>
<./figuras/exp1ringer_t2etCompMedium.pdf, id=5048, 397.485pt x 300.12125pt>
File: ./figuras/exp1ringer_t2etCompMedium.pdf Graphic file (type pdf)

<use ./figuras/exp1ringer_t2etCompMedium.pdf>
<./figuras/exp1ringer_t2etCompMediumFA.pdf, id=5049, 397.485pt x 300.12125pt>
File: ./figuras/exp1ringer_t2etCompMediumFA.pdf Graphic file (type pdf)

<use ./figuras/exp1ringer_t2etCompMediumFA.pdf>
<./figuras/exp1ringer_t2etaCompMedium.pdf, id=5050, 397.485pt x 300.12125pt>
File: ./figuras/exp1ringer_t2etaCompMedium.pdf Graphic file (type pdf)

<use ./figuras/exp1ringer_t2etaCompMedium.pdf>
<./figuras/exp1ringer_t2etaCompMediumFA.pdf, id=5051, 397.485pt x 300.12125pt>
File: ./figuras/exp1ringer_t2etaCompMediumFA.pdf Graphic file (type pdf)

<use ./figuras/exp1ringer_t2etaCompMediumFA.pdf>
Underfull \hbox (badness 10000) in paragraph at lines 392--445
[][]
 []


Underfull \hbox (badness 10000) in paragraph at lines 392--445
[]
 []

[191 <./figuras/expR1ringer_compSPpdpf.pdf>] [192 <./figuras/exp1ringer_t2etCom
pLoose.pdf> <./figuras/exp1ringer_t2etCompLooseFA.pdf> <./figuras/exp1ringer_t2
etaCompLoose.pdf> <./figuras/exp1ringer_t2etaCompLooseFA.pdf> <./figuras/exp1ri
nger_t2etCompMedium.pdf> <./figuras/exp1ringer_t2etCompMediumFA.pdf> <./figuras
/exp1ringer_t2etaCompMedium.pdf> <./figuras/exp1ringer_t2etaCompMediumFA.pdf>]
File: ./figuras/exp1_evE.pdf Graphic file (type pdf)

<use ./figuras/exp1_evE.pdf>
File: ./figuras/exp1_evJ.pdf Graphic file (type pdf)
 <use ./figuras/exp1_evJ.pdf>
<./figuras/exp1ringer_evEtipoJ.pdf, id=5128, 378.41376pt x 229.85875pt>
File: ./figuras/exp1ringer_evEtipoJ.pdf Graphic file (type pdf)

<use ./figuras/exp1ringer_evEtipoJ.pdf>
<./figuras/exp1ringer_evJtipoE.pdf, id=5129, 378.41376pt x 229.85875pt>
File: ./figuras/exp1ringer_evJtipoE.pdf Graphic file (type pdf)

<use ./figuras/exp1ringer_evJtipoE.pdf>
<./figuras/exp1ringer_evEtipoJet.pdf, id=5132, 371.3875pt x 273.02pt>
File: ./figuras/exp1ringer_evEtipoJet.pdf Graphic file (type pdf)

<use ./figuras/exp1ringer_evEtipoJet.pdf>
<./figuras/exp1ringer_evEtipoJeta.pdf, id=5133, 373.395pt x 273.02pt>
File: ./figuras/exp1ringer_evEtipoJeta.pdf Graphic file (type pdf)

<use ./figuras/exp1ringer_evEtipoJeta.pdf>
<./figuras/exp1ringer_evJtipoEet.pdf, id=5134, 371.3875pt x 272.01625pt>
File: ./figuras/exp1ringer_evJtipoEet.pdf Graphic file (type pdf)

<use ./figuras/exp1ringer_evJtipoEet.pdf>
<./figuras/exp1ringer_evJtipoEeta.pdf, id=5135, 372.39125pt x 272.01625pt>
File: ./figuras/exp1ringer_evJtipoEeta.pdf Graphic file (type pdf)

<use ./figuras/exp1ringer_evJtipoEeta.pdf>
Underfull \hbox (badness 10000) in paragraph at lines 511--545
[][]
 []


Underfull \hbox (badness 10000) in paragraph at lines 511--545
[]
 []

[193 <./figuras/exp1ringer_evEtipoJ.pdf> <./figuras/exp1ringer_evJtipoE.pdf>]
[194 <./figuras/exp1ringer_evEtipoJet.pdf> <./figuras/exp1ringer_evEtipoJeta.pd
f> <./figuras/exp1ringer_evJtipoEet.pdf> <./figuras/exp1ringer_evJtipoEeta.pdf>
] <./figuras/expR1local_clusterProb.pdf, id=5191, 462.72874pt x 184.69pt>
File: ./figuras/expR1local_clusterProb.pdf Graphic file (type pdf)

<use ./figuras/expR1local_clusterProb.pdf> [195]
<./figuras/expR1NLICA_compRoc.pdf, id=5198, 454.69875pt x 305.14pt>
File: ./figuras/expR1NLICA_compRoc.pdf Graphic file (type pdf)

<use ./figuras/expR1NLICA_compRoc.pdf> [196 <./figuras/expR1local_clusterProb.p
df>]
<./figuras/exp1Local_compRingerICAet.pdf, id=5209, 378.41376pt x 329.23pt>
File: ./figuras/exp1Local_compRingerICAet.pdf Graphic file (type pdf)

<use ./figuras/exp1Local_compRingerICAet.pdf>
<./figuras/exp1Local_compRingerICAetFA.pdf, id=5210, 378.41376pt x 329.23pt>
File: ./figuras/exp1Local_compRingerICAetFA.pdf Graphic file (type pdf)

<use ./figuras/exp1Local_compRingerICAetFA.pdf>
<./figuras/exp1Local_compRingerICAeta.pdf, id=5211, 378.41376pt x 329.23pt>
File: ./figuras/exp1Local_compRingerICAeta.pdf Graphic file (type pdf)

<use ./figuras/exp1Local_compRingerICAeta.pdf>
<./figuras/exp1Local_compRingerICAetaFA.pdf, id=5212, 378.41376pt x 329.23pt>
File: ./figuras/exp1Local_compRingerICAetaFA.pdf Graphic file (type pdf)

<use ./figuras/exp1Local_compRingerICAetaFA.pdf>

LaTeX Warning: `!h' float specifier changed to `!ht'.

[197 <./figuras/expR1NLICA_compRoc.pdf>] [198 <./figuras/exp1Local_compRingerIC
Aet.pdf> <./figuras/exp1Local_compRingerICAetFA.pdf> <./figuras/exp1Local_compR
ingerICAeta.pdf> <./figuras/exp1Local_compRingerICAetaFA.pdf>]
<./figuras/exp1CC_SPsegclas.pdf, id=5261, 442.65375pt x 244.915pt>
File: ./figuras/exp1CC_SPsegclas.pdf Graphic file (type pdf)

<use ./figuras/exp1CC_SPsegclas.pdf>
<./figuras/expR1redeCC_compSPretirando.pdf, id=5263, 445.665pt x 316.18124pt>
File: ./figuras/expR1redeCC_compSPretirando.pdf Graphic file (type pdf)

<use ./figuras/expR1redeCC_compSPretirando.pdf>
<./figuras/expR1redeCC_compRocRetirando.pdf, id=5264, 390.45876pt x 316.18124pt
>
File: ./figuras/expR1redeCC_compRocRetirando.pdf Graphic file (type pdf)
 <use ./figuras/expR1redeCC_compRocRetirando.pdf> [199 <./figuras/exp1CC_SPsegc
las.pdf> <./figuras/expR1redeCC_compSPretirando.pdf> <./figuras/expR1redeCC_com
pRocRetirando.pdf>]
<./figuras/exp1CC_ringerCompEt.pdf, id=5286, 378.41376pt x 334.24875pt>
File: ./figuras/exp1CC_ringerCompEt.pdf Graphic file (type pdf)

<use ./figuras/exp1CC_ringerCompEt.pdf>
<./figuras/exp1CC_ringerCompEtFA.pdf, id=5287, 378.41376pt x 334.24875pt>
File: ./figuras/exp1CC_ringerCompEtFA.pdf Graphic file (type pdf)

<use ./figuras/exp1CC_ringerCompEtFA.pdf>
<./figuras/exp1CC_ringerCompEta.pdf, id=5288, 378.41376pt x 334.24875pt>
File: ./figuras/exp1CC_ringerCompEta.pdf Graphic file (type pdf)

<use ./figuras/exp1CC_ringerCompEta.pdf>
<./figuras/exp1CC_ringerCompEtaFA.pdf, id=5289, 378.41376pt x 334.24875pt>
File: ./figuras/exp1CC_ringerCompEtaFA.pdf Graphic file (type pdf)

<use ./figuras/exp1CC_ringerCompEtaFA.pdf>
<./figuras/expR1redeCC_compRoc.pdf, id=5291, 390.45876pt x 316.18124pt>
File: ./figuras/expR1redeCC_compRoc.pdf Graphic file (type pdf)

<use ./figuras/expR1redeCC_compRoc.pdf> [200] [201 <./figuras/exp1CC_ringerComp
Et.pdf> <./figuras/exp1CC_ringerCompEtFA.pdf> <./figuras/exp1CC_ringerCompEta.p
df> <./figuras/exp1CC_ringerCompEtaFA.pdf>] [202 <./figuras/expR1redeCC_compRoc
.pdf>]
Underfull \hbox (badness 7740) in paragraph at lines 932--935
\OT1/cmr/m/n/12 O tempo m^^Sedio gasto em cada uma das eta-pas foi res-pec-ti-v
a-mente
 []


Underfull \hbox (badness 1424) in paragraph at lines 932--935
\OT1/cmr/m/n/12 (0,0183$\OMS/cmsy/m/n/12 ^^F$\OT1/cmr/m/n/12 0,0037) ms, (0,047
4$\OMS/cmsy/m/n/12 ^^F$\OT1/cmr/m/n/12 0,0059) ms e (0,0081$\OMS/cmsy/m/n/12 ^^
F$\OT1/cmr/m/n/12 0,0045) ms, to-ta-li-zando
 []

[203]

LaTeX Warning: `!h' float specifier changed to `!ht'.

[204] [205] <./figuras/exp1TemposP1.pdf, id=5371, 280.04625pt x 247.92625pt>
File: ./figuras/exp1TemposP1.pdf Graphic file (type pdf)

<use ./figuras/exp1TemposP1.pdf>
<./figuras/exp1TemposSeg.pdf, id=5372, 280.04625pt x 246.9225pt>
File: ./figuras/exp1TemposSeg.pdf Graphic file (type pdf)

<use ./figuras/exp1TemposSeg.pdf> [206 <./figuras/exp1TemposP1.pdf> <./figuras/
exp1TemposSeg.pdf>]) (./conclusoes.tex [207]
Cap\'{\i }tulo 9.
[208

] [209] [210]
Underfull \hbox (badness 2469) in paragraph at lines 113--119
[]\OT1/cmr/m/n/12 Considerando o bom de-sem-pe-nho ob-tido com o pr^^Se-process
amento por
 []

) [211] (./tese_eduardo.bbl [212


]
Underfull \hbox (badness 10000) in paragraph at lines 75--77
[]\OT1/cmr/m/n/12 ATLAS-COLLABORATION, ``Ex-pe-ri-ment Over-view'', Dis-pon^^S^
^Pvel em
 []


Underfull \hbox (badness 10000) in paragraph at lines 108--110
[]\OT1/cmr/m/n/12 CERN-COLABORATION, ``CERN Ho-me-page'', Dis-pon^^S^^Pvel em
 []

[213]
Underfull \hbox (badness 10000) in paragraph at lines 126--128
[]\OT1/cmr/m/n/12 DESY, ``Deuts-ches Elektronen-SynchrotronDie'', Dis-pon^^S^^P
vel em
 []


Underfull \hbox (badness 10000) in paragraph at lines 130--132
[]\OT1/cmr/m/n/12 KEK, ``KEK High-Energy Ac-ce-le-ra-tor'', Dis-pon^^S^^Pvel em
:
 []


Underfull \hbox (badness 3148) in paragraph at lines 134--136
[]\OT1/cmr/m/n/12 FERMILAB, ``Fermi Na-ti-o-nal Ac-ce-le-ra-tor La-bo-ra-tory''
, Dis-pon^^S^^Pvel em
 []


Underfull \hbox (badness 10000) in paragraph at lines 138--140
[]\OT1/cmr/m/n/12 SLAC, ``SLAC La-bo-ra-tory'', Dis-pon^^S^^Pvel em:
 []


Underfull \hbox (badness 7944) in paragraph at lines 142--144
[]\OT1/cmr/m/n/12 BROOKHAVEN, ``Bro-okha-ven Na-ti-o-nal La-bo-ra-tory'', Dis-p
on^^S^^Pvel em:
 []


Underfull \hbox (badness 10000) in paragraph at lines 146--148
[]\OT1/cmr/m/n/12 LHC-COLLABORATION, ``Large Ha-dron Col-li-der'', Dis-pon^^S^^
Pvel em:
 []

[214] [215]
Underfull \hbox (badness 10000) in paragraph at lines 250--252
[]\OT1/cmr/m/n/12 CDF-COLLABORATION, ``The CDF Ex-pe-ri-ment'', Dis-pon^^S^^Pve
l em:
 []


Underfull \hbox (badness 10000) in paragraph at lines 254--256
[]\OT1/cmr/m/n/12 D0-COLLABORATION, ``The D0 Ex-pe-ri-ment'', Dis-pon^^S^^Pvel 
em:
 []

[216] [217] [218] [219] [220] [221] [222] [223] [224]
Underfull \hbox (badness 10000) in paragraph at lines 722--726
[]\OT1/cmr/m/n/12 BLAKE, C. L., MERZ, C. J., ``UCI Re-po-si-tory
 []


Underfull \hbox (badness 10000) in paragraph at lines 722--726
\OT1/cmr/m/n/12 of Ma-chine Le-ar-ning Da-ta-ba-ses'', Dis-pon^^S^^Pvel em:
 []

[225] [226] [227] [228] [229] [230] [231]
Underfull \hbox (badness 1810) in paragraph at lines 1052--1056
[]\OT1/cmr/m/n/12 KASKI, S., VENNA, J., T.KOHONEN, ``Co-lo-ring that re-ve-als 
high-
 []

[232] [233] [234] [235]) (./appendfex.tex [236]
Ap\^endice A.
<./figuras/cap3_som.pdf, id=5565, 285.065pt x 165.61874pt>
File: ./figuras/cap3_som.pdf Graphic file (type pdf)

<use ./figuras/cap3_som.pdf> [237

 <./figuras/cap3_som.pdf>] [238] [239]
[240] [241] <./figuras/cap3_somclass.pdf, id=5621, 504.88625pt x 165.61874pt>
File: ./figuras/cap3_somclass.pdf Graphic file (type pdf)

<use ./figuras/cap3_somclass.pdf>
Underfull \hbox (badness 3668) in paragraph at lines 238--238
[]\OT1/cmr/bx/n/17.28 T^^Secnicas de Pr^^Se-Processamento - Com-
 []

[242 <./figuras/cap3_somclass.pdf>] [243]
<./figuras/cap3_pca.pdf, id=5648, 138.5175pt x 94.3525pt>
File: ./figuras/cap3_pca.pdf Graphic file (type pdf)

<use ./figuras/cap3_pca.pdf> [244] [245 <./figuras/cap3_pca.pdf>] [246]
[247]

LaTeX Warning: Reference `icamatrix2' on page 248 undefined on input line 516.

[248]
Underfull \hbox (badness 10000) in paragraph at lines 559--563
[]\OT1/cmr/m/n/12 Outra trans-forma^^Xc~ao im-por-tante ^^Se o bran-que-a-mento
. Um ve-tor
 []

[249] [250] [251] [252]
<./figuras/cap3_pnljutten.pdf, id=5762, 347.12366pt x 237.5805pt>
File: ./figuras/cap3_pnljutten.pdf Graphic file (type pdf)

<use ./figuras/cap3_pnljutten.pdf> [253 <./figuras/cap3_pnljutten.pdf>]
<./figuras/cap3_pnll.pdf, id=5793, 256.0748pt x 85.35829pt>
File: ./figuras/cap3_pnll.pdf Graphic file (type pdf)

<use ./figuras/cap3_pnll.pdf>
<./figuras/cap3_mononl.pdf, id=5799, 398.3386pt x 170.7165pt>
File: ./figuras/cap3_mononl.pdf Graphic file (type pdf)

<use ./figuras/cap3_mononl.pdf> [254 <./figuras/cap3_pnll.pdf>] [255 <./figuras
/cap3_mononl.pdf>] <./figuras/cap4_misep.pdf, id=5858, 317.185pt x 85.31876pt>
File: ./figuras/cap4_misep.pdf Graphic file (type pdf)

<use ./figuras/cap4_misep.pdf> [256]) (./appendclas.tex [257 <./figuras/cap4_mi
sep.pdf>]
Ap\^endice B.
<./figuras/cap3_transicao.pdf, id=5886, 446.66875pt x 145.54375pt>
File: ./figuras/cap3_transicao.pdf Graphic file (type pdf)

<use ./figuras/cap3_transicao.pdf> [258

 <./figuras/cap3_transicao.pdf>]
LaTeX Font Info:    Try loading font information for U+euf on input line 68.

(/usr/share/texmf-texlive/tex/latex/amsfonts/ueuf.fd
File: ueuf.fd 2009/06/22 v3.00 Euler Fraktur
) [259] [260] [261]
<./figuras/cap3_class.pdf, id=5938, 269.005pt x 305.14pt>
File: ./figuras/cap3_class.pdf Graphic file (type pdf)

<use ./figuras/cap3_class.pdf> [262 <./figuras/cap3_class.pdf>])
(./apendgen.tex [263]
Ap\^endice C.
[264

] [265] <./figuras/capga_cromo.pdf, id=5972, 317.68687pt x 126.97438pt>
File: ./figuras/capga_cromo.pdf Graphic file (type pdf)

<use ./figuras/capga_cromo.pdf>
Underfull \hbox (badness 1502) in paragraph at lines 91--95
[]\OT1/cmr/bx/n/12 Popula^^Xc~ao \OT1/cmr/m/n/12 - Con-junto de cro-mos-so-mos 
ge-rado ini-ci-al-mente de forma
 []

[266 <./figuras/capga_cromo.pdf>]
<./figuras/capga_single_cross.pdf, id=5987, 273.77281pt x 157.33781pt>
File: ./figuras/capga_single_cross.pdf Graphic file (type pdf)

<use ./figuras/capga_single_cross.pdf>
<./figuras/capga_multi_cross.pdf, id=5988, 314.17375pt x 138.76843pt>
File: ./figuras/capga_multi_cross.pdf Graphic file (type pdf)

<use ./figuras/capga_multi_cross.pdf>

LaTeX Warning: `h' float specifier changed to `ht'.

[267] [268 <./figuras/capga_single_cross.pdf> <./figuras/capga_multi_cross.pdf>
] <./figuras/capga_fluxo_ag.pdf, id=6012, 320.44719pt x 527.21968pt>
File: ./figuras/capga_fluxo_ag.pdf Graphic file (type pdf)

<use ./figuras/capga_fluxo_ag.pdf>

LaTeX Warning: `h' float specifier changed to `ht'.

[269] [270 <./figuras/capga_fluxo_ag.pdf>]) (./appendpub.tex [271]
Ap\^endice D.

Underfull \hbox (badness 10000) in paragraph at lines 16--24
[]\OT1/cmr/bx/n/12 Resumo\OT1/cmr/m/n/12 :
 []


Underfull \hbox (badness 10000) in paragraph at lines 31--36
[]\OT1/cmr/bx/n/12 Resumo\OT1/cmr/m/n/12 :
 []

[272

]
Underfull \hbox (badness 10000) in paragraph at lines 44--54
[]\OT1/cmr/bx/n/12 Resumo\OT1/cmr/m/n/12 :
 []


Underfull \hbox (badness 10000) in paragraph at lines 60--70
[]\OT1/cmr/bx/n/12 Resumo\OT1/cmr/m/n/12 :
 []


Underfull \hbox (badness 1845) in paragraph at lines 60--70
\OT1/cmr/m/n/12 com-po-nen-tes in-de-pen-den-tes n~ao-lineares para o pro-blema
 da fil-tra-gem
 []

[273]
Underfull \hbox (badness 10000) in paragraph at lines 78--85
[]\OT1/cmr/bx/n/12 Resumo\OT1/cmr/m/n/12 :
 []


Underfull \hbox (badness 10000) in paragraph at lines 91--100
[]\OT1/cmr/bx/n/12 Resumo\OT1/cmr/m/n/12 :
 []


Underfull \hbox (badness 10000) in paragraph at lines 112--120
[]\OT1/cmr/bx/n/12 Resumo\OT1/cmr/m/n/12 :
 []


Underfull \hbox (badness 1383) in paragraph at lines 112--120
\OT1/cmr/m/n/12 clas-si-fi-ca-do-res neu-rais e clas-si-fi-ca-do-res li-ne-a-re
s (dis-cri-mi-nante li-near de
 []

[274]
Underfull \hbox (badness 10000) in paragraph at lines 131--134
[]\OT1/cmr/bx/n/12 Resumo\OT1/cmr/m/n/12 :
 []


Underfull \hbox (badness 10000) in paragraph at lines 140--147
[]\OT1/cmr/bx/n/12 Resumo\OT1/cmr/m/n/12 :
 []

[275]
Underfull \hbox (badness 10000) in paragraph at lines 154--166
[]\OT1/cmr/bx/n/12 Resumo\OT1/cmr/m/n/12 :
 []


Underfull \hbox (badness 10000) in paragraph at lines 172--177
[]\OT1/cmr/bx/n/12 Resumo\OT1/cmr/m/n/12 :
 []

[276]
Underfull \hbox (badness 10000) in paragraph at lines 183--190
[]\OT1/cmr/bx/n/12 Resumo\OT1/cmr/m/n/12 :
 []


Underfull \hbox (badness 10000) in paragraph at lines 196--201
[]\OT1/cmr/bx/n/12 Resumo\OT1/cmr/m/n/12 :
 []


Underfull \hbox (badness 1102) in paragraph at lines 196--201
\OT1/cmr/m/n/12 Foi pro-posta a es-tima^^Xc~ao dos com-po-nen-tes prin-ci-pais 
de dis-cri-mina^^Xc~ao
 []


Underfull \hbox (badness 10000) in paragraph at lines 207--214
[]\OT1/cmr/bx/n/12 Resumo\OT1/cmr/m/n/12 :
 []

[277]
Underfull \hbox (badness 10000) in paragraph at lines 220--231
[]\OT1/cmr/bx/n/12 Resumo\OT1/cmr/m/n/12 :
 []


Underfull \hbox (badness 10000) in paragraph at lines 238--245
[]\OT1/cmr/bx/n/12 Resumo\OT1/cmr/m/n/12 :
 []


Underfull \hbox (badness 1796) in paragraph at lines 238--245
\OT1/cmr/m/n/12 A an^^Salise de com-po-nen-tes in-de-pen-den-tes (ICA - \OT1/cm
r/m/it/12 In-de-pen-dent Com-po-
 []


Underfull \hbox (badness 10000) in paragraph at lines 251--259
[]\OT1/cmr/bx/n/12 Resumo\OT1/cmr/m/n/12 :
 []

[278]
Underfull \hbox (badness 10000) in paragraph at lines 265--270
[]\OT1/cmr/bx/n/12 Resumo\OT1/cmr/m/n/12 :
 []


Underfull \hbox (badness 10000) in paragraph at lines 311--314
[]\OT1/cmr/bx/n/12 Resumo\OT1/cmr/m/n/12 :
 []

) AED: lastpage setting LastPage [279] (./tese_eduardo.aux)

LaTeX Warning: There were undefined references.


LaTeX Warning: There were multiply-defined labels.

 ) 
Here is how much of TeX's memory you used:
 9499 strings out of 495041
 157268 string characters out of 1181897
 249454 words of memory out of 3000000
 11114 multiletter control sequences out of 15000+50000
 19004 words of font info for 65 fonts, out of 3000000 for 9000
 58 hyphenation exceptions out of 8191
 45i,16n,36p,464b,410s stack positions out of 5000i,500n,10000p,200000b,50000s
{/usr/share/texmf-texlive/fonts/enc/dvips/base/8r.enc}</usr/share/texmf-texli
ve/fonts/type1/public/amsfonts/cm/cmbx10.pfb></usr/share/texmf-texlive/fonts/ty
pe1/public/amsfonts/cm/cmbx12.pfb></usr/share/texmf-texlive/fonts/type1/public/
amsfonts/cm/cmbx6.pfb></usr/share/texmf-texlive/fonts/type1/public/amsfonts/cm/
cmbx7.pfb></usr/share/texmf-texlive/fonts/type1/public/amsfonts/cm/cmbx8.pfb></
usr/share/texmf-texlive/fonts/type1/public/amsfonts/cm/cmbxti10.pfb></usr/share
/texmf-texlive/fonts/type1/public/amsfonts/cm/cmex10.pfb></usr/share/texmf-texl
ive/fonts/type1/public/amsfonts/cmextra/cmex8.pfb></usr/share/texmf-texlive/fon
ts/type1/public/amsfonts/cm/cmmi10.pfb></usr/share/texmf-texlive/fonts/type1/pu
blic/amsfonts/cm/cmmi12.pfb></usr/share/texmf-texlive/fonts/type1/public/amsfon
ts/cm/cmmi6.pfb></usr/share/texmf-texlive/fonts/type1/public/amsfonts/cm/cmmi7.
pfb></usr/share/texmf-texlive/fonts/type1/public/amsfonts/cm/cmmi8.pfb></usr/sh
are/texmf-texlive/fonts/type1/public/amsfonts/cm/cmr10.pfb></usr/share/texmf-te
xlive/fonts/type1/public/amsfonts/cm/cmr12.pfb></usr/share/texmf-texlive/fonts/
type1/public/amsfonts/cm/cmr5.pfb></usr/share/texmf-texlive/fonts/type1/public/
amsfonts/cm/cmr6.pfb></usr/share/texmf-texlive/fonts/type1/public/amsfonts/cm/c
mr7.pfb></usr/share/texmf-texlive/fonts/type1/public/amsfonts/cm/cmr8.pfb></usr
/share/texmf-texlive/fonts/type1/public/amsfonts/cm/cmsy10.pfb></usr/share/texm
f-texlive/fonts/type1/public/amsfonts/cm/cmsy6.pfb></usr/share/texmf-texlive/fo
nts/type1/public/amsfonts/cm/cmsy8.pfb></usr/share/texmf-texlive/fonts/type1/pu
blic/amsfonts/cm/cmti10.pfb></usr/share/texmf-texlive/fonts/type1/public/amsfon
ts/cm/cmti12.pfb></usr/share/texmf-texlive/fonts/type1/public/amsfonts/cm/cmti7
.pfb></usr/share/texmf-texlive/fonts/type1/public/amsfonts/cm/cmti8.pfb></usr/s
hare/texmf-texlive/fonts/type1/public/amsfonts/euler/eufm10.pfb></usr/share/tex
mf-texlive/fonts/type1/public/amsfonts/symbols/msam10.pfb></usr/share/texmf-tex
live/fonts/type1/public/amsfonts/symbols/msbm10.pfb></usr/share/texmf-texlive/f
onts/type1/urw/helvetic/uhvb8a.pfb>
Output written on tese_eduardo.pdf (310 pages, 13885669 bytes).
PDF statistics:
 6404 PDF objects out of 7423 (max. 8388607)
 1050 named destinations out of 1200 (max. 500000)
 2393 words of extra memory for PDF output out of 10000 (max. 10000000)

